#
# There is insufficient memory for the Java Runtime Environment to continue.
# Native memory allocation (malloc) failed to allocate 1527056 bytes for Chunk::new
# Possible reasons:
#   The system is out of physical RAM or swap space
#   The process is running with CompressedOops enabled, and the Java Heap may be blocking the growth of the native heap
# Possible solutions:
#   Reduce memory load on the system
#   Increase physical memory or swap space
#   Check if swap backing store is full
#   Decrease Java heap size (-Xmx/-Xms)
#   Decrease number of Java threads
#   Decrease Java thread stack sizes (-Xss)
#   Set larger code cache with -XX:ReservedCodeCacheSize=
#   JVM is running with Unscaled Compressed Oops mode in which the Java heap is
#     placed in the first 4GB address space. The Java Heap base address is the
#     maximum limit for the native heap growth. Please use -XX:HeapBaseMinAddress
#     to set the Java Heap base and to place the Java Heap above 4GB virtual address.
# This output file may be truncated or incomplete.
#
#  Out of Memory Error (allocation.cpp:389), pid=8708, tid=0x0000000000003468
#
# JRE version: OpenJDK Runtime Environment (8.0_242-b01) (build 1.8.0_242-release-1644-b01)
# Java VM: OpenJDK 64-Bit Server VM (25.242-b01 mixed mode windows-amd64 compressed oops)
# Failed to write core dump. Minidumps are not enabled by default on client versions of Windows
#

---------------  T H R E A D  ---------------

Current thread (0x0000000017bc2800):  JavaThread "C2 CompilerThread0" daemon [_thread_in_native, id=13416, stack(0x0000000019210000,0x0000000019310000)]

Stack: [0x0000000019210000,0x0000000019310000]
[error occurred during error reporting (printing stack bounds), id 0xc0000005]

Native frames: (J=compiled Java code, j=interpreted, Vv=VM code, C=native code)


Current CompileTask:
C2: 973207 15944   !   4       com.android.tools.r8.dex.r::c (2729 bytes)


---------------  P R O C E S S  ---------------

Java Threads: ( => current thread )
  0x000000001a393800 JavaThread "Cache worker for Java compile cache (C:\Users\tamang\AndroidStudioProjects\Esportify\.gradle\6.5\javaCompile)" [_thread_blocked, id=11776, stack(0x000000002f370000,0x000000002f470000)]
  0x000000001a392800 JavaThread "Cache worker for Java compile cache (C:\Users\tamang\.gradle\caches\6.5\javaCompile)" [_thread_blocked, id=6668, stack(0x000000002f270000,0x000000002f370000)]
  0x000000001a394000 JavaThread "ForkJoinPool-6-worker-0" daemon [_thread_blocked, id=8004, stack(0x000000002dd80000,0x000000002de80000)]
  0x000000001a395800 JavaThread "ForkJoinPool-6-worker-3" daemon [_thread_blocked, id=1240, stack(0x000000002d3b0000,0x000000002d4b0000)]
  0x000000001a392000 JavaThread "ForkJoinPool-6-worker-2" daemon [_thread_in_vm, id=10544, stack(0x000000002d140000,0x000000002d240000)]
  0x000000001a38b000 JavaThread "ForkJoinPool-6-worker-1" daemon [_thread_blocked, id=12580, stack(0x000000002c320000,0x000000002c420000)]
  0x000000001a38f000 JavaThread "WorkerExecutor Queue Thread 4" [_thread_blocked, id=836, stack(0x000000002cb20000,0x000000002cc20000)]
  0x000000001a38e000 JavaThread "WorkerExecutor Queue Thread 3" [_thread_blocked, id=9332, stack(0x000000002c4f0000,0x000000002c5f0000)]
  0x000000001a391000 JavaThread "WorkerExecutor Queue Thread 2" [_thread_blocked, id=11256, stack(0x000000002c820000,0x000000002c920000)]
  0x000000001a390800 JavaThread "WorkerExecutor Queue" [_thread_blocked, id=7960, stack(0x000000002bef0000,0x000000002bff0000)]
  0x000000001a38c800 JavaThread "Cache worker for execution history cache (C:\Users\tamang\AndroidStudioProjects\Esportify\.gradle\6.5\executionHistory)" [_thread_blocked, id=9608, stack(0x000000002bdf0000,0x000000002bef0000)]
  0x000000001a38c000 JavaThread "Execution worker for ':' Thread 3" [_thread_blocked, id=6608, stack(0x000000002bcf0000,0x000000002bdf0000)]
  0x000000001a389800 JavaThread "Execution worker for ':' Thread 2" [_thread_blocked, id=10036, stack(0x000000002bbf0000,0x000000002bcf0000)]
  0x000000001a38a800 JavaThread "Execution worker for ':'" [_thread_in_Java, id=8336, stack(0x000000002a430000,0x000000002a530000)]
  0x0000000020a6b000 JavaThread "Cache worker for file content cache (C:\Users\tamang\AndroidStudioProjects\Esportify\.gradle\6.5\fileContent)" [_thread_blocked, id=12332, stack(0x000000002a330000,0x000000002a430000)]
  0x0000000020a63000 JavaThread "pool-5-thread-1" [_thread_blocked, id=6896, stack(0x0000000029c30000,0x0000000029d30000)]
  0x0000000020a69800 JavaThread "Cache worker for Build Output Cleanup Cache (C:\Users\tamang\AndroidStudioProjects\Esportify\.gradle\buildOutputCleanup)" [_thread_blocked, id=2644, stack(0x0000000028950000,0x0000000028a50000)]
  0x0000000020a68800 JavaThread "jar transforms Thread 184" [_thread_blocked, id=7956, stack(0x0000000028850000,0x0000000028950000)]
  0x0000000020a6a000 JavaThread "jar transforms Thread 183" [_thread_blocked, id=6620, stack(0x0000000028550000,0x0000000028650000)]
  0x0000000020a65800 JavaThread "jar transforms Thread 182" [_thread_blocked, id=1272, stack(0x0000000028450000,0x0000000028550000)]
  0x0000000020a67800 JavaThread "jar transforms Thread 181" [_thread_blocked, id=7792, stack(0x0000000028350000,0x0000000028450000)]
  0x0000000020a67000 JavaThread "jar transforms Thread 180" [_thread_blocked, id=6376, stack(0x0000000028250000,0x0000000028350000)]
  0x0000000020a64800 JavaThread "jar transforms Thread 179" [_thread_blocked, id=13852, stack(0x0000000028150000,0x0000000028250000)]
  0x0000000020a64000 JavaThread "jar transforms Thread 178" [_thread_blocked, id=5848, stack(0x0000000028050000,0x0000000028150000)]
  0x0000000020a66000 JavaThread "jar transforms Thread 177" [_thread_blocked, id=10584, stack(0x0000000027f50000,0x0000000028050000)]
  0x0000000020a5b800 JavaThread "jar transforms Thread 176" [_thread_blocked, id=2108, stack(0x0000000027e50000,0x0000000027f50000)]
  0x0000000020a61800 JavaThread "jar transforms Thread 175" [_thread_blocked, id=7252, stack(0x0000000027d50000,0x0000000027e50000)]
  0x0000000020a62800 JavaThread "jar transforms Thread 174" [_thread_blocked, id=13172, stack(0x0000000027c50000,0x0000000027d50000)]
  0x0000000020a61000 JavaThread "jar transforms Thread 173" [_thread_blocked, id=12092, stack(0x0000000027b50000,0x0000000027c50000)]
  0x0000000020a5c800 JavaThread "jar transforms Thread 172" [_thread_blocked, id=11652, stack(0x0000000027a50000,0x0000000027b50000)]
  0x0000000020a60000 JavaThread "jar transforms Thread 171" [_thread_blocked, id=13672, stack(0x0000000027950000,0x0000000027a50000)]
  0x0000000020a5d000 JavaThread "jar transforms Thread 170" [_thread_blocked, id=7620, stack(0x0000000027850000,0x0000000027950000)]
  0x0000000020a5f800 JavaThread "jar transforms Thread 169" [_thread_blocked, id=14272, stack(0x0000000027750000,0x0000000027850000)]
  0x0000000020a5e800 JavaThread "jar transforms Thread 168" [_thread_blocked, id=11688, stack(0x0000000027650000,0x0000000027750000)]
  0x0000000020a5e000 JavaThread "jar transforms Thread 167" [_thread_blocked, id=12448, stack(0x0000000027550000,0x0000000027650000)]
  0x000000001a471800 JavaThread "jar transforms Thread 166" [_thread_blocked, id=8936, stack(0x0000000027450000,0x0000000027550000)]
  0x000000001a46f800 JavaThread "jar transforms Thread 165" [_thread_blocked, id=11208, stack(0x0000000027350000,0x0000000027450000)]
  0x000000001a46e800 JavaThread "jar transforms Thread 164" [_thread_blocked, id=13376, stack(0x0000000027250000,0x0000000027350000)]
  0x000000001a471000 JavaThread "jar transforms Thread 163" [_thread_blocked, id=12712, stack(0x0000000027150000,0x0000000027250000)]
  0x000000001a470000 JavaThread "jar transforms Thread 162" [_thread_blocked, id=6564, stack(0x0000000027050000,0x0000000027150000)]
  0x000000001a46e000 JavaThread "jar transforms Thread 161" [_thread_blocked, id=3200, stack(0x0000000026f50000,0x0000000027050000)]
  0x000000001a466800 JavaThread "jar transforms Thread 160" [_thread_blocked, id=10116, stack(0x0000000026e50000,0x0000000026f50000)]
  0x000000001a46d000 JavaThread "jar transforms Thread 159" [_thread_blocked, id=6720, stack(0x0000000026d50000,0x0000000026e50000)]
  0x000000001a465800 JavaThread "jar transforms Thread 158" [_thread_blocked, id=11808, stack(0x0000000026c50000,0x0000000026d50000)]
  0x000000001a46c800 JavaThread "jar transforms Thread 157" [_thread_blocked, id=7392, stack(0x0000000026b50000,0x0000000026c50000)]
  0x000000001a465000 JavaThread "jar transforms Thread 156" [_thread_blocked, id=1968, stack(0x0000000026a50000,0x0000000026b50000)]
  0x000000001a46b800 JavaThread "jar transforms Thread 155" [_thread_blocked, id=14000, stack(0x0000000026950000,0x0000000026a50000)]
  0x000000001a464000 JavaThread "jar transforms Thread 154" [_thread_blocked, id=10696, stack(0x0000000026850000,0x0000000026950000)]
  0x000000001a46b000 JavaThread "jar transforms Thread 153" [_thread_blocked, id=10728, stack(0x0000000026750000,0x0000000026850000)]
  0x000000001a46a000 JavaThread "jar transforms Thread 152" [_thread_blocked, id=12260, stack(0x0000000026650000,0x0000000026750000)]
  0x000000001a462800 JavaThread "jar transforms Thread 151" [_thread_blocked, id=4520, stack(0x0000000026550000,0x0000000026650000)]
  0x000000001a468000 JavaThread "jar transforms Thread 150" [_thread_blocked, id=12792, stack(0x0000000026450000,0x0000000026550000)]
  0x000000001a468800 JavaThread "jar transforms Thread 149" [_thread_blocked, id=12200, stack(0x0000000026350000,0x0000000026450000)]
  0x000000001a467000 JavaThread "jar transforms Thread 148" [_thread_blocked, id=11400, stack(0x0000000026250000,0x0000000026350000)]
  0x000000001a463800 JavaThread "jar transforms Thread 147" [_thread_blocked, id=12016, stack(0x0000000026150000,0x0000000026250000)]
  0x000000001a469800 JavaThread "jar transforms Thread 146" [_thread_blocked, id=1596, stack(0x0000000026050000,0x0000000026150000)]
  0x000000001b6b1000 JavaThread "jar transforms Thread 145" [_thread_blocked, id=8156, stack(0x0000000025f50000,0x0000000026050000)]
  0x000000001b6b0000 JavaThread "jar transforms Thread 144" [_thread_blocked, id=13940, stack(0x0000000025e50000,0x0000000025f50000)]
  0x000000001b6af800 JavaThread "jar transforms Thread 143" [_thread_blocked, id=12308, stack(0x0000000025d50000,0x0000000025e50000)]
  0x000000001ec48000 JavaThread "jar transforms Thread 142" [_thread_blocked, id=4804, stack(0x0000000025c50000,0x0000000025d50000)]
  0x000000001ec49800 JavaThread "jar transforms Thread 141" [_thread_blocked, id=9696, stack(0x0000000025b50000,0x0000000025c50000)]
  0x000000001ec46800 JavaThread "jar transforms Thread 140" [_thread_blocked, id=12880, stack(0x0000000025a50000,0x0000000025b50000)]
  0x000000001ec4c800 JavaThread "jar transforms Thread 139" [_thread_blocked, id=13468, stack(0x0000000025950000,0x0000000025a50000)]
  0x000000001ec4b800 JavaThread "jar transforms Thread 138" [_thread_blocked, id=3432, stack(0x0000000025850000,0x0000000025950000)]
  0x000000001ec4d000 JavaThread "jar transforms Thread 137" [_thread_blocked, id=2044, stack(0x0000000025750000,0x0000000025850000)]
  0x000000001ec4a000 JavaThread "jar transforms Thread 136" [_thread_blocked, id=9428, stack(0x0000000025650000,0x0000000025750000)]
  0x000000001ec4b000 JavaThread "jar transforms Thread 135" [_thread_blocked, id=10664, stack(0x0000000025550000,0x0000000025650000)]
  0x000000001ec47000 JavaThread "jar transforms Thread 134" [_thread_blocked, id=13960, stack(0x0000000025450000,0x0000000025550000)]
  0x000000001deb7800 JavaThread "jar transforms Thread 133" [_thread_blocked, id=6208, stack(0x0000000025350000,0x0000000025450000)]
  0x000000001deb6000 JavaThread "jar transforms Thread 132" [_thread_blocked, id=1036, stack(0x0000000025250000,0x0000000025350000)]
  0x000000001deb6800 JavaThread "jar transforms Thread 131" [_thread_blocked, id=10368, stack(0x0000000025150000,0x0000000025250000)]
  0x000000001deb4800 JavaThread "jar transforms Thread 130" [_thread_blocked, id=10032, stack(0x0000000025050000,0x0000000025150000)]
  0x000000001dead000 JavaThread "jar transforms Thread 129" [_thread_blocked, id=7264, stack(0x0000000024f50000,0x0000000025050000)]
  0x000000001deb3000 JavaThread "jar transforms Thread 128" [_thread_blocked, id=6900, stack(0x0000000024e50000,0x0000000024f50000)]
  0x000000001deab800 JavaThread "jar transforms Thread 127" [_thread_blocked, id=1056, stack(0x0000000024d50000,0x0000000024e50000)]
  0x000000001deaf000 JavaThread "jar transforms Thread 126" [_thread_blocked, id=12264, stack(0x0000000024c50000,0x0000000024d50000)]
  0x000000001dead800 JavaThread "jar transforms Thread 125" [_thread_blocked, id=13256, stack(0x0000000024b50000,0x0000000024c50000)]
  0x000000001deb2000 JavaThread "jar transforms Thread 124" [_thread_blocked, id=7488, stack(0x0000000024a50000,0x0000000024b50000)]
  0x000000001deaa800 JavaThread "jar transforms Thread 123" [_thread_blocked, id=4204, stack(0x0000000024950000,0x0000000024a50000)]
  0x000000001deaa000 JavaThread "jar transforms Thread 122" [_thread_blocked, id=6520, stack(0x0000000024850000,0x0000000024950000)]
  0x000000001dea9000 JavaThread "jar transforms Thread 121" [_thread_blocked, id=5536, stack(0x0000000024750000,0x0000000024850000)]
  0x000000001f3fc000 JavaThread "jar transforms Thread 120" [_thread_blocked, id=1292, stack(0x0000000024650000,0x0000000024750000)]
  0x000000001f3fa800 JavaThread "jar transforms Thread 119" [_thread_blocked, id=9516, stack(0x0000000024550000,0x0000000024650000)]
  0x000000001f3fa000 JavaThread "jar transforms Thread 118" [_thread_blocked, id=13976, stack(0x0000000024450000,0x0000000024550000)]
  0x000000001f3fd800 JavaThread "jar transforms Thread 117" [_thread_blocked, id=5836, stack(0x0000000024350000,0x0000000024450000)]
  0x000000001f3f9000 JavaThread "jar transforms Thread 116" [_thread_blocked, id=9632, stack(0x0000000024250000,0x0000000024350000)]
  0x000000001f3fd000 JavaThread "jar transforms Thread 115" [_thread_blocked, id=2896, stack(0x0000000024150000,0x0000000024250000)]
  0x000000001f3fb800 JavaThread "jar transforms Thread 114" [_thread_blocked, id=124, stack(0x0000000024050000,0x0000000024150000)]
  0x000000001f3ef000 JavaThread "jar transforms Thread 113" [_thread_blocked, id=7640, stack(0x0000000023f50000,0x0000000024050000)]
  0x000000001f3f6000 JavaThread "jar transforms Thread 112" [_thread_blocked, id=1344, stack(0x0000000023e50000,0x0000000023f50000)]
  0x000000001f3f4800 JavaThread "jar transforms Thread 111" [_thread_blocked, id=9340, stack(0x0000000023d50000,0x0000000023e50000)]
  0x000000001f3f3000 JavaThread "jar transforms Thread 110" [_thread_blocked, id=6164, stack(0x0000000023c50000,0x0000000023d50000)]
  0x000000001f3ee800 JavaThread "jar transforms Thread 109" [_thread_blocked, id=6232, stack(0x0000000023b50000,0x0000000023c50000)]
  0x000000001f3f1800 JavaThread "jar transforms Thread 108" [_thread_blocked, id=1848, stack(0x0000000023a50000,0x0000000023b50000)]
  0x000000001b834000 JavaThread "jar transforms Thread 107" [_thread_blocked, id=3932, stack(0x0000000023950000,0x0000000023a50000)]
  0x000000001b832000 JavaThread "jar transforms Thread 106" [_thread_blocked, id=4744, stack(0x0000000023850000,0x0000000023950000)]
  0x000000001b832800 JavaThread "jar transforms Thread 105" [_thread_blocked, id=1392, stack(0x0000000023750000,0x0000000023850000)]
  0x000000001b835800 JavaThread "jar transforms Thread 104" [_thread_blocked, id=7024, stack(0x0000000023650000,0x0000000023750000)]
  0x000000001b831000 JavaThread "jar transforms Thread 103" [_thread_blocked, id=11348, stack(0x0000000023550000,0x0000000023650000)]
  0x000000001b830800 JavaThread "jar transforms Thread 102" [_thread_blocked, id=6204, stack(0x0000000023450000,0x0000000023550000)]
  0x000000001b835000 JavaThread "jar transforms Thread 101" [_thread_blocked, id=2592, stack(0x0000000023250000,0x0000000023350000)]
  0x000000001b833800 JavaThread "jar transforms Thread 100" [_thread_blocked, id=5492, stack(0x0000000023150000,0x0000000023250000)]
  0x000000001b829000 JavaThread "jar transforms Thread 99" [_thread_blocked, id=8624, stack(0x0000000023050000,0x0000000023150000)]
  0x000000001b82f800 JavaThread "jar transforms Thread 98" [_thread_blocked, id=1560, stack(0x0000000022f50000,0x0000000023050000)]
  0x000000001b82f000 JavaThread "jar transforms Thread 97" [_thread_blocked, id=7236, stack(0x0000000022e50000,0x0000000022f50000)]
  0x000000001b82b000 JavaThread "jar transforms Thread 96" [_thread_blocked, id=4692, stack(0x0000000022d50000,0x0000000022e50000)]
  0x000000001b829800 JavaThread "jar transforms Thread 95" [_thread_blocked, id=8268, stack(0x0000000022c50000,0x0000000022d50000)]
  0x000000001b82d800 JavaThread "jar transforms Thread 94" [_thread_blocked, id=11728, stack(0x0000000022b50000,0x0000000022c50000)]
  0x000000001b827800 JavaThread "jar transforms Thread 93" [_thread_blocked, id=8748, stack(0x0000000022a50000,0x0000000022b50000)]
  0x000000001963f000 JavaThread "Build operations Thread 4" [_thread_blocked, id=13152, stack(0x0000000022950000,0x0000000022a50000)]
  0x0000000019645000 JavaThread "Build operations Thread 3" [_thread_blocked, id=12892, stack(0x0000000022850000,0x0000000022950000)]
  0x0000000019644000 JavaThread "Build operations Thread 2" [_thread_blocked, id=2828, stack(0x0000000021e50000,0x0000000021f50000)]
  0x0000000019643800 JavaThread "Build operations" [_thread_blocked, id=12832, stack(0x0000000020390000,0x0000000020490000)]
  0x0000000019642000 JavaThread "Cache worker for cache directory md-rule (C:\Users\tamang\.gradle\caches\6.5\md-rule)" [_thread_blocked, id=9456, stack(0x000000001ffd0000,0x00000000200d0000)]
  0x0000000019641000 JavaThread "Cache worker for cache directory md-supplier (C:\Users\tamang\.gradle\caches\6.5\md-supplier)" [_thread_blocked, id=6176, stack(0x000000001fed0000,0x000000001ffd0000)]
  0x0000000019640800 JavaThread "Cache worker for checksums cache (C:\Users\tamang\AndroidStudioProjects\Esportify\.gradle\checksums)" [_thread_blocked, id=12804, stack(0x000000001fdd0000,0x000000001fed0000)]
  0x0000000019637000 JavaThread "Cache worker for file hash cache (C:\Users\tamang\AndroidStudioProjects\Esportify\.gradle\6.5\fileHashes)" [_thread_blocked, id=14180, stack(0x000000001d630000,0x000000001d730000)]
  0x000000001963e000 JavaThread "Thread-155" [_thread_blocked, id=104, stack(0x000000001d330000,0x000000001d430000)]
  0x000000001963d800 JavaThread "Stdin handler" [_thread_blocked, id=1040, stack(0x000000001d230000,0x000000001d330000)]
  0x000000001963c800 JavaThread "Asynchronous log dispatcher for DefaultDaemonConnection: socket connection from /127.0.0.1:52482 to /127.0.0.1:53266" [_thread_blocked, id=1948, stack(0x000000001cf30000,0x000000001d030000)]
  0x0000000019638000 JavaThread "Daemon worker Thread 2" [_thread_blocked, id=7612, stack(0x000000001ce30000,0x000000001cf30000)]
  0x000000001963b000 JavaThread "Cancel handler" [_thread_blocked, id=11548, stack(0x0000000001310000,0x0000000001410000)]
  0x000000001963a000 JavaThread "Handler for socket connection from /127.0.0.1:52482 to /127.0.0.1:53266" [_thread_in_native, id=14184, stack(0x0000000001210000,0x0000000001310000)]
  0x0000000019638800 JavaThread "Daemon Thread 2" [_thread_blocked, id=11584, stack(0x0000000001110000,0x0000000001210000)]
  0x000000001963f800 JavaThread "Memory manager" [_thread_blocked, id=7708, stack(0x00000000298b0000,0x00000000299b0000)]
  0x000000001b6b3000 JavaThread "Cache worker for file content cache (C:\Users\tamang\.gradle\caches\6.5\fileContent)" [_thread_blocked, id=1336, stack(0x0000000021f50000,0x0000000022050000)]
  0x000000001b6b1800 JavaThread "Cache worker for execution history cache (C:\Users\tamang\.gradle\caches\6.5\executionHistory)" [_thread_blocked, id=6404, stack(0x0000000021750000,0x0000000021850000)]
  0x000000001b6ae000 JavaThread "Cache worker for file hash cache (C:\Users\tamang\.gradle\caches\6.5\fileHashes)" [_thread_blocked, id=4168, stack(0x000000001db30000,0x000000001dc30000)]
  0x000000001b6ad000 JavaThread "File lock request listener" [_thread_in_native, id=11576, stack(0x000000001da30000,0x000000001db30000)]
  0x000000001b6b5000 JavaThread "Cache worker for journal cache (C:\Users\tamang\.gradle\caches\journal-1)" [_thread_blocked, id=8984, stack(0x000000001d930000,0x000000001da30000)]
  0x000000001b5b5000 JavaThread "Daemon periodic checks" [_thread_blocked, id=14188, stack(0x000000001cd30000,0x000000001ce30000)]
  0x000000001b563000 JavaThread "Incoming local TCP Connector on port 52482" [_thread_in_native, id=8892, stack(0x000000001caf0000,0x000000001cbf0000)]
  0x000000001962d800 JavaThread "Daemon health stats" [_thread_blocked, id=8092, stack(0x000000001c4b0000,0x000000001c5b0000)]
  0x0000000019548800 JavaThread "Service Thread" daemon [_thread_blocked, id=11920, stack(0x0000000019910000,0x0000000019a10000)]
  0x0000000017bdc000 JavaThread "C1 CompilerThread2" daemon [_thread_blocked, id=548, stack(0x0000000019410000,0x0000000019510000)]
  0x0000000017bcb000 JavaThread "C2 CompilerThread1" daemon [_thread_blocked, id=3980, stack(0x0000000019310000,0x0000000019410000)]
=>0x0000000017bc2800 JavaThread "C2 CompilerThread0" daemon [_thread_in_native, id=13416, stack(0x0000000019210000,0x0000000019310000)]
  0x0000000017bc1000 JavaThread "Attach Listener" daemon [_thread_blocked, id=856, stack(0x0000000019110000,0x0000000019210000)]
  0x0000000017bc6000 JavaThread "Signal Dispatcher" daemon [_thread_blocked, id=6888, stack(0x0000000019010000,0x0000000019110000)]
  0x0000000002f9c000 JavaThread "Finalizer" daemon [_thread_blocked, id=12768, stack(0x0000000018e10000,0x0000000018f10000)]
  0x0000000017ba9000 JavaThread "Reference Handler" daemon [_thread_blocked, id=9228, stack(0x0000000018d10000,0x0000000018e10000)]
  0x0000000002d9d800 JavaThread "main" [_thread_blocked, id=3248, stack(0x0000000002da0000,0x0000000002ea0000)]

Other Threads:
  0x0000000017b86000 VMThread [stack: 0x0000000018c10000,0x0000000018d10000] [id=9220]
  0x0000000017c1d800 WatcherThread [stack: 0x0000000019a10000,0x0000000019b10000] [id=7676]

VM state:not at safepoint (normal execution)

VM Mutex/Monitor currently owned by a thread: None

heap address: 0x0000000080000000, size: 2048 MB, Compressed Oops mode: 32-bit
Narrow klass base: 0x0000000000000000, Narrow klass shift: 3
Compressed class space size: 1073741824 Address: 0x0000000100000000

Heap:
 PSYoungGen      total 494592K, used 9602K [0x00000000d5580000, 0x00000000fa100000, 0x0000000100000000)
  eden space 440832K, 2% used [0x00000000d5580000,0x00000000d5ee0be0,0x00000000f0400000)
  from space 53760K, 0% used [0x00000000f4e80000,0x00000000f4e80000,0x00000000f8300000)
  to   space 76288K, 0% used [0x00000000f0400000,0x00000000f0400000,0x00000000f4e80000)
 ParOldGen       total 182272K, used 103233K [0x0000000080000000, 0x000000008b200000, 0x00000000d5580000)
  object space 182272K, 56% used [0x0000000080000000,0x00000000864d0620,0x000000008b200000)
 Metaspace       used 86848K, capacity 91436K, committed 91800K, reserved 1128448K
  class space    used 11499K, capacity 12371K, committed 12464K, reserved 1048576K

Card table byte_map: [0x0000000012360000,0x0000000012770000] byte_map_base: 0x0000000011f60000

Marking Bits: (ParMarkBitMap*) 0x0000000065c4f030
 Begin Bits: [0x0000000012e20000, 0x0000000014e20000)
 End Bits:   [0x0000000014e20000, 0x0000000016e20000)

Polling page: 0x0000000002c50000

CodeCache: size=245760Kb used=42943Kb max_used=42943Kb free=202816Kb
 bounds [0x0000000002fa0000, 0x00000000059d0000, 0x0000000011fa0000]
 total_blobs=14112 nmethods=13257 adapters=765
 compilation: enabled

Compilation events (10 events):
Event: 972.803 Thread 0x0000000017bdc000 nmethod 15951 0x000000000599a6d0 code [0x000000000599a9c0, 0x000000000599bb08]
Event: 972.807 Thread 0x0000000017bdc000 15952       3       java.nio.channels.FileLock::<init> (79 bytes)
Event: 972.807 Thread 0x0000000017bdc000 nmethod 15952 0x0000000005999e10 code [0x0000000005999fc0, 0x000000000599a4a8]
Event: 972.886 Thread 0x0000000017bcb000 15953       4       com.android.tools.r8.graph.J$b::a (14 bytes)
Event: 972.915 Thread 0x0000000017bcb000 nmethod 15953 0x00000000059c1890 code [0x00000000059c1a40, 0x00000000059c2878]
Event: 973.081 Thread 0x0000000017bcb000 15954       4       com.android.tools.r8.graph.J$c::equals (27 bytes)
Event: 973.082 Thread 0x0000000017bcb000 nmethod 15954 0x00000000059a14d0 code [0x00000000059a1620, 0x00000000059a16d8]
Event: 973.084 Thread 0x0000000017bcb000 15955       4       com.android.tools.r8.utils.s0::a (119 bytes)
Event: 973.086 Thread 0x0000000017bcb000 nmethod 15955 0x0000000003bcb050 code [0x0000000003bcb1a0, 0x0000000003bcb4b8]
Event: 973.181 Thread 0x0000000017bdc000 15956       3       java.util.EnumSet::noneOf (63 bytes)

GC Heap History (10 events):
Event: 38.553 GC heap before
{Heap before GC invocations=17 (full 4):
 PSYoungGen      total 288768K, used 22012K [0x00000000d5580000, 0x00000000f1080000, 0x0000000100000000)
  eden space 266752K, 0% used [0x00000000d5580000,0x00000000d5580000,0x00000000e5a00000)
  from space 22016K, 99% used [0x00000000e5a00000,0x00000000e6f7f200,0x00000000e6f80000)
  to   space 42496K, 0% used [0x00000000ee700000,0x00000000ee700000,0x00000000f1080000)
 ParOldGen       total 97280K, used 84919K [0x0000000080000000, 0x0000000085f00000, 0x00000000d5580000)
  object space 97280K, 87% used [0x0000000080000000,0x00000000852edef0,0x0000000085f00000)
 Metaspace       used 74812K, capacity 78572K, committed 78744K, reserved 1116160K
  class space    used 10369K, capacity 11087K, committed 11184K, reserved 1048576K
Event: 39.220 GC heap after
Heap after GC invocations=17 (full 4):
 PSYoungGen      total 288768K, used 0K [0x00000000d5580000, 0x00000000f1080000, 0x0000000100000000)
  eden space 266752K, 0% used [0x00000000d5580000,0x00000000d5580000,0x00000000e5a00000)
  from space 22016K, 0% used [0x00000000e5a00000,0x00000000e5a00000,0x00000000e6f80000)
  to   space 42496K, 0% used [0x00000000ee700000,0x00000000ee700000,0x00000000f1080000)
 ParOldGen       total 182272K, used 95751K [0x0000000080000000, 0x000000008b200000, 0x00000000d5580000)
  object space 182272K, 52% used [0x0000000080000000,0x0000000085d81ff0,0x000000008b200000)
 Metaspace       used 74672K, capacity 78176K, committed 78744K, reserved 1116160K
  class space    used 10324K, capacity 11007K, committed 11184K, reserved 1048576K
}
Event: 50.786 GC heap before
{Heap before GC invocations=18 (full 4):
 PSYoungGen      total 288768K, used 266752K [0x00000000d5580000, 0x00000000f1080000, 0x0000000100000000)
  eden space 266752K, 100% used [0x00000000d5580000,0x00000000e5a00000,0x00000000e5a00000)
  from space 22016K, 0% used [0x00000000e5a00000,0x00000000e5a00000,0x00000000e6f80000)
  to   space 42496K, 0% used [0x00000000ee700000,0x00000000ee700000,0x00000000f1080000)
 ParOldGen       total 182272K, used 95751K [0x0000000080000000, 0x000000008b200000, 0x00000000d5580000)
  object space 182272K, 52% used [0x0000000080000000,0x0000000085d81ff0,0x000000008b200000)
 Metaspace       used 82238K, capacity 86512K, committed 86808K, reserved 1124352K
  class space    used 11172K, capacity 11971K, committed 12080K, reserved 1048576K
Event: 50.837 GC heap after
Heap after GC invocations=18 (full 4):
 PSYoungGen      total 377344K, used 16260K [0x00000000d5580000, 0x00000000efd80000, 0x0000000100000000)
  eden space 354304K, 0% used [0x00000000d5580000,0x00000000d5580000,0x00000000eaf80000)
  from space 23040K, 70% used [0x00000000ee700000,0x00000000ef6e1380,0x00000000efd80000)
  to   space 39936K, 0% used [0x00000000eaf80000,0x00000000eaf80000,0x00000000ed680000)
 ParOldGen       total 182272K, used 95759K [0x0000000080000000, 0x000000008b200000, 0x00000000d5580000)
  object space 182272K, 52% used [0x0000000080000000,0x0000000085d83ff0,0x000000008b200000)
 Metaspace       used 82238K, capacity 86512K, committed 86808K, reserved 1124352K
  class space    used 11172K, capacity 11971K, committed 12080K, reserved 1048576K
}
Event: 56.342 GC heap before
{Heap before GC invocations=19 (full 4):
 PSYoungGen      total 377344K, used 366811K [0x00000000d5580000, 0x00000000efd80000, 0x0000000100000000)
  eden space 354304K, 98% used [0x00000000d5580000,0x00000000eabd58b0,0x00000000eaf80000)
  from space 23040K, 70% used [0x00000000ee700000,0x00000000ef6e1380,0x00000000efd80000)
  to   space 39936K, 0% used [0x00000000eaf80000,0x00000000eaf80000,0x00000000ed680000)
 ParOldGen       total 182272K, used 95759K [0x0000000080000000, 0x000000008b200000, 0x00000000d5580000)
  object space 182272K, 52% used [0x0000000080000000,0x0000000085d83ff0,0x000000008b200000)
 Metaspace       used 84839K, capacity 89194K, committed 89496K, reserved 1126400K
  class space    used 11326K, capacity 12136K, committed 12208K, reserved 1048576K
Event: 56.421 GC heap after
Heap after GC invocations=19 (full 4):
 PSYoungGen      total 394240K, used 39908K [0x00000000d5580000, 0x00000000f8300000, 0x0000000100000000)
  eden space 354304K, 0% used [0x00000000d5580000,0x00000000d5580000,0x00000000eaf80000)
  from space 39936K, 99% used [0x00000000eaf80000,0x00000000ed679050,0x00000000ed680000)
  to   space 53760K, 0% used [0x00000000f4e80000,0x00000000f4e80000,0x00000000f8300000)
 ParOldGen       total 182272K, used 115901K [0x0000000080000000, 0x000000008b200000, 0x00000000d5580000)
  object space 182272K, 63% used [0x0000000080000000,0x000000008712f4f0,0x000000008b200000)
 Metaspace       used 84839K, capacity 89194K, committed 89496K, reserved 1126400K
  class space    used 11326K, capacity 12136K, committed 12208K, reserved 1048576K
}
Event: 969.954 GC heap before
{Heap before GC invocations=20 (full 4):
 PSYoungGen      total 394240K, used 394212K [0x00000000d5580000, 0x00000000f8300000, 0x0000000100000000)
  eden space 354304K, 100% used [0x00000000d5580000,0x00000000eaf80000,0x00000000eaf80000)
  from space 39936K, 99% used [0x00000000eaf80000,0x00000000ed679050,0x00000000ed680000)
  to   space 53760K, 0% used [0x00000000f4e80000,0x00000000f4e80000,0x00000000f8300000)
 ParOldGen       total 182272K, used 115901K [0x0000000080000000, 0x000000008b200000, 0x00000000d5580000)
  object space 182272K, 63% used [0x0000000080000000,0x000000008712f4f0,0x000000008b200000)
 Metaspace       used 86607K, capacity 91266K, committed 91544K, reserved 1128448K
  class space    used 11477K, capacity 12353K, committed 12464K, reserved 1048576K
Event: 971.106 GC heap after
Heap after GC invocations=20 (full 4):
 PSYoungGen      total 494592K, used 53753K [0x00000000d5580000, 0x00000000fa100000, 0x0000000100000000)
  eden space 440832K, 0% used [0x00000000d5580000,0x00000000d5580000,0x00000000f0400000)
  from space 53760K, 99% used [0x00000000f4e80000,0x00000000f82fe470,0x00000000f8300000)
  to   space 76288K, 0% used [0x00000000f0400000,0x00000000f0400000,0x00000000f4e80000)
 ParOldGen       total 182272K, used 151715K [0x0000000080000000, 0x000000008b200000, 0x00000000d5580000)
  object space 182272K, 83% used [0x0000000080000000,0x0000000089428e38,0x000000008b200000)
 Metaspace       used 86607K, capacity 91266K, committed 91544K, reserved 1128448K
  class space    used 11477K, capacity 12353K, committed 12464K, reserved 1048576K
}
Event: 971.119 GC heap before
{Heap before GC invocations=21 (full 5):
 PSYoungGen      total 494592K, used 53753K [0x00000000d5580000, 0x00000000fa100000, 0x0000000100000000)
  eden space 440832K, 0% used [0x00000000d5580000,0x00000000d5580000,0x00000000f0400000)
  from space 53760K, 99% used [0x00000000f4e80000,0x00000000f82fe470,0x00000000f8300000)
  to   space 76288K, 0% used [0x00000000f0400000,0x00000000f0400000,0x00000000f4e80000)
 ParOldGen       total 182272K, used 151715K [0x0000000080000000, 0x000000008b200000, 0x00000000d5580000)
  object space 182272K, 83% used [0x0000000080000000,0x0000000089428e38,0x000000008b200000)
 Metaspace       used 86607K, capacity 91266K, committed 91544K, reserved 1128448K
  class space    used 11477K, capacity 12353K, committed 12464K, reserved 1048576K
Event: 972.619 GC heap after
Heap after GC invocations=21 (full 5):
 PSYoungGen      total 494592K, used 0K [0x00000000d5580000, 0x00000000fa100000, 0x0000000100000000)
  eden space 440832K, 0% used [0x00000000d5580000,0x00000000d5580000,0x00000000f0400000)
  from space 53760K, 0% used [0x00000000f4e80000,0x00000000f4e80000,0x00000000f8300000)
  to   space 76288K, 0% used [0x00000000f0400000,0x00000000f0400000,0x00000000f4e80000)
 ParOldGen       total 182272K, used 103233K [0x0000000080000000, 0x000000008b200000, 0x00000000d5580000)
  object space 182272K, 56% used [0x0000000080000000,0x00000000864d0620,0x000000008b200000)
 Metaspace       used 86524K, capacity 91042K, committed 91544K, reserved 1128448K
  class space    used 11447K, capacity 12301K, committed 12464K, reserved 1048576K
}

Deoptimization events (10 events):
Event: 966.268 Thread 0x000000001a38a800 Uncommon trap: reason=unstable_if action=reinterpret pc=0x0000000003c97454 method=com.google.common.collect.MapMakerInternalMap$Segment.getEntry(Ljava/lang/Object;I)Lcom/google/common/collect/MapMakerInternalMap$InternalEntry; @ 40
Event: 966.268 Thread 0x000000001a38a800 Uncommon trap: reason=unstable_if action=reinterpret pc=0x00000000045bccd0 method=com.google.common.collect.MapMakerInternalMap$Segment.put(Ljava/lang/Object;ILjava/lang/Object;Z)Ljava/lang/Object; @ 92
Event: 968.982 Thread 0x000000001a393800 Uncommon trap: reason=unstable_if action=reinterpret pc=0x00000000056a68e4 method=org.gradle.internal.io.StreamByteBuffer$StreamByteBufferInputStream.readImpl([BII)I @ 49
Event: 968.982 Thread 0x000000001a393800 Uncommon trap: reason=unstable_if action=reinterpret pc=0x00000000056a59e4 method=org.gradle.internal.io.StreamByteBuffer$StreamByteBufferInputStream.readImpl([BII)I @ 49
Event: 969.604 Thread 0x000000001a393800 Uncommon trap: reason=unstable_if action=reinterpret pc=0x0000000005102318 method=org.gradle.cache.internal.btree.FileBackedBlockStore.attach(Lorg/gradle/cache/internal/btree/BlockPayload;)V @ 4
Event: 969.604 Thread 0x000000001a393800 Uncommon trap: reason=unstable_if action=reinterpret pc=0x00000000052ab5d8 method=org.gradle.cache.internal.btree.FileBackedBlockStore$BlockImpl.getPos()Lorg/gradle/cache/internal/btree/BlockPointer; @ 4
Event: 969.620 Thread 0x000000001a393800 Uncommon trap: reason=bimorphic action=maybe_recompile pc=0x0000000004d4916c method=java.io.DataOutputStream.writeLong(J)V @ 108
Event: 969.620 Thread 0x000000001a393800 Uncommon trap: reason=bimorphic action=maybe_recompile pc=0x0000000004d4916c method=java.io.DataOutputStream.writeLong(J)V @ 108
Event: 969.620 Thread 0x000000001a393800 Uncommon trap: reason=bimorphic action=maybe_recompile pc=0x0000000004d4916c method=java.io.DataOutputStream.writeLong(J)V @ 108
Event: 969.620 Thread 0x000000001a393800 Uncommon trap: reason=bimorphic action=maybe_recompile pc=0x0000000004d4916c method=java.io.DataOutputStream.writeLong(J)V @ 108

Classes redefined (0 events):
No events

Internal exceptions (10 events):
Event: 966.268 Thread 0x000000001a38a800 Implicit null exception at 0x0000000003c96fc3 to 0x0000000003c97431
Event: 967.183 Thread 0x0000000019638000 Exception <a 'sun/nio/fs/WindowsException'> (0x00000000dcfa4270) thrown at [C:\src\AOSP-openjdk-git\hotspot\src\share\vm\prims\jni.cpp, line 710]
Event: 967.184 Thread 0x0000000019638000 Exception <a 'sun/nio/fs/WindowsException'> (0x00000000dcfa5b08) thrown at [C:\src\AOSP-openjdk-git\hotspot\src\share\vm\prims\jni.cpp, line 710]
Event: 968.127 Thread 0x000000001a390800 Exception <a 'sun/nio/fs/WindowsException'> (0x00000000df309568) thrown at [C:\src\AOSP-openjdk-git\hotspot\src\share\vm\prims\jni.cpp, line 710]
Event: 968.325 Thread 0x000000001a38a800 Exception <a 'sun/nio/fs/WindowsException'> (0x00000000e0cee030) thrown at [C:\src\AOSP-openjdk-git\hotspot\src\share\vm\prims\jni.cpp, line 710]
Event: 968.325 Thread 0x000000001a38a800 Exception <a 'sun/nio/fs/WindowsException'> (0x00000000e0ceed28) thrown at [C:\src\AOSP-openjdk-git\hotspot\src\share\vm\prims\jni.cpp, line 710]
Event: 968.326 Thread 0x000000001a38a800 Exception <a 'sun/nio/fs/WindowsException'> (0x00000000e0cf5a88) thrown at [C:\src\AOSP-openjdk-git\hotspot\src\share\vm\prims\jni.cpp, line 710]
Event: 968.326 Thread 0x000000001a38a800 Exception <a 'sun/nio/fs/WindowsException'> (0x00000000e0cf67c0) thrown at [C:\src\AOSP-openjdk-git\hotspot\src\share\vm\prims\jni.cpp, line 710]
Event: 968.326 Thread 0x000000001a38a800 Exception <a 'sun/nio/fs/WindowsException'> (0x00000000e0cf8698) thrown at [C:\src\AOSP-openjdk-git\hotspot\src\share\vm\prims\jni.cpp, line 710]
Event: 968.326 Thread 0x000000001a38a800 Exception <a 'sun/nio/fs/WindowsException'> (0x00000000e0cf93e0) thrown at [C:\src\AOSP-openjdk-git\hotspot\src\share\vm\prims\jni.cpp, line 710]

Events (10 events):
Event: 973.179 loading class com/sun/tools/javac/file/Locations$SimpleLocationHandler
Event: 973.179 loading class com/sun/tools/javac/file/Locations$SimpleLocationHandler done
Event: 973.179 loading class com/sun/tools/javac/file/Locations$BootClassPathLocationHandler
Event: 973.179 loading class com/sun/tools/javac/file/Locations$BootClassPathLocationHandler done
Event: 973.180 loading class javax/tools/StandardLocation
Event: 973.180 loading class javax/tools/StandardLocation done
Event: 973.181 loading class com/sun/tools/javac/file/Locations$ClassPathLocationHandler
Event: 973.181 loading class com/sun/tools/javac/file/Locations$ClassPathLocationHandler done
Event: 973.182 loading class com/sun/tools/javac/util/JCDiagnostic$Factory
Event: 973.182 loading class com/sun/tools/javac/util/JCDiagnostic$Factory done


Dynamic libraries:
0x00007ff66ab80000 - 0x00007ff66abb1000 	C:\Program Files\Android\Android Studio\jre\bin\java.exe
0x00007ffb25760000 - 0x00007ffb25950000 	C:\WINDOWS\SYSTEM32\ntdll.dll
0x00007ffb255b0000 - 0x00007ffb25662000 	C:\WINDOWS\System32\KERNEL32.DLL
0x00007ffb22b50000 - 0x00007ffb22df5000 	C:\WINDOWS\System32\KERNELBASE.dll
0x00007ffb23dd0000 - 0x00007ffb23e73000 	C:\WINDOWS\System32\ADVAPI32.dll
0x00007ffb238c0000 - 0x00007ffb2395e000 	C:\WINDOWS\System32\msvcrt.dll
0x00007ffb23c60000 - 0x00007ffb23cf7000 	C:\WINDOWS\System32\sechost.dll
0x00007ffb24580000 - 0x00007ffb2469f000 	C:\WINDOWS\System32\RPCRT4.dll
0x00007ffb239c0000 - 0x00007ffb23b54000 	C:\WINDOWS\System32\USER32.dll
0x00007ffb228d0000 - 0x00007ffb228f1000 	C:\WINDOWS\System32\win32u.dll
0x00007ffb25670000 - 0x00007ffb25696000 	C:\WINDOWS\System32\GDI32.dll
0x00007ffb22900000 - 0x00007ffb22a98000 	C:\WINDOWS\System32\gdi32full.dll
0x00007ffb22ff0000 - 0x00007ffb2308e000 	C:\WINDOWS\System32\msvcp_win.dll
0x00007ffb226e0000 - 0x00007ffb227da000 	C:\WINDOWS\System32\ucrtbase.dll
0x00007ffb11c20000 - 0x00007ffb11ea4000 	C:\WINDOWS\WinSxS\amd64_microsoft.windows.common-controls_6595b64144ccf1df_6.0.18362.1379_none_9e7ff3b3e45cc0c4\COMCTL32.dll
0x00007ffb24b30000 - 0x00007ffb24e67000 	C:\WINDOWS\System32\combase.dll
0x00007ffb22840000 - 0x00007ffb228c1000 	C:\WINDOWS\System32\bcryptPrimitives.dll
0x00007ffb24ae0000 - 0x00007ffb24b0e000 	C:\WINDOWS\System32\IMM32.DLL
0x0000000064930000 - 0x0000000064a02000 	C:\Program Files\Android\Android Studio\jre\jre\bin\msvcr100.dll
0x0000000065480000 - 0x0000000065ccb000 	C:\Program Files\Android\Android Studio\jre\jre\bin\server\jvm.dll
0x00007ffb25710000 - 0x00007ffb25718000 	C:\WINDOWS\System32\PSAPI.DLL
0x00007ffb1fee0000 - 0x00007ffb1ff04000 	C:\WINDOWS\SYSTEM32\WINMM.dll
0x00007ffb158a0000 - 0x00007ffb158aa000 	C:\WINDOWS\SYSTEM32\VERSION.dll
0x00007ffb0e280000 - 0x00007ffb0e289000 	C:\WINDOWS\SYSTEM32\WSOCK32.dll
0x00007ffb246b0000 - 0x00007ffb2471f000 	C:\WINDOWS\System32\WS2_32.dll
0x00007ffb1feb0000 - 0x00007ffb1fedd000 	C:\WINDOWS\SYSTEM32\WINMMBASE.dll
0x00007ffb22e50000 - 0x00007ffb22e9a000 	C:\WINDOWS\System32\cfgmgr32.dll
0x00007ffb1d080000 - 0x00007ffb1d08f000 	C:\Program Files\Android\Android Studio\jre\jre\bin\verify.dll
0x00007ffb119f0000 - 0x00007ffb11a19000 	C:\Program Files\Android\Android Studio\jre\jre\bin\java.dll
0x00007ffb12be0000 - 0x00007ffb12bf6000 	C:\Program Files\Android\Android Studio\jre\jre\bin\zip.dll
0x00007ffb23e80000 - 0x00007ffb24568000 	C:\WINDOWS\System32\SHELL32.dll
0x00007ffb24720000 - 0x00007ffb247c7000 	C:\WINDOWS\System32\shcore.dll
0x00007ffb23090000 - 0x00007ffb2380b000 	C:\WINDOWS\System32\windows.storage.dll
0x00007ffb22620000 - 0x00007ffb22643000 	C:\WINDOWS\System32\profapi.dll
0x00007ffb22690000 - 0x00007ffb226da000 	C:\WINDOWS\System32\powrprof.dll
0x00007ffb22610000 - 0x00007ffb22620000 	C:\WINDOWS\System32\UMPDC.dll
0x00007ffb24f40000 - 0x00007ffb24f92000 	C:\WINDOWS\System32\shlwapi.dll
0x00007ffb22670000 - 0x00007ffb22681000 	C:\WINDOWS\System32\kernel.appcore.dll
0x00007ffb22e30000 - 0x00007ffb22e47000 	C:\WINDOWS\System32\cryptsp.dll
0x00007ffb119d0000 - 0x00007ffb119ea000 	C:\Program Files\Android\Android Studio\jre\jre\bin\net.dll
0x00007ffb21e50000 - 0x00007ffb21eb7000 	C:\WINDOWS\system32\mswsock.dll
0x00007ffb0c240000 - 0x00007ffb0c253000 	C:\Program Files\Android\Android Studio\jre\jre\bin\nio.dll
0x00007ffad8e20000 - 0x00007ffad8e47000 	C:\Users\tamang\.gradle\native\f6784746aeab05261644944871eae4fe03e0ef1612fff0a4a95f87b438bc6780\windows-amd64\native-platform.dll
0x00007ffb1cfa0000 - 0x00007ffb1cfad000 	C:\Program Files\Android\Android Studio\jre\jre\bin\management.dll
0x00007ffb21970000 - 0x00007ffb219a3000 	C:\WINDOWS\system32\rsaenh.dll
0x00007ffb22e00000 - 0x00007ffb22e26000 	C:\WINDOWS\System32\bcrypt.dll
0x00007ffb224f0000 - 0x00007ffb22515000 	C:\WINDOWS\SYSTEM32\USERENV.dll
0x00007ffb22050000 - 0x00007ffb2205c000 	C:\WINDOWS\SYSTEM32\CRYPTBASE.dll
0x00007ffb21b00000 - 0x00007ffb21b3a000 	C:\WINDOWS\SYSTEM32\IPHLPAPI.DLL
0x00007ffb24570000 - 0x00007ffb24578000 	C:\WINDOWS\System32\NSI.dll
0x00007ffb15f70000 - 0x00007ffb15f86000 	C:\WINDOWS\SYSTEM32\dhcpcsvc6.DLL
0x00007ffb162a0000 - 0x00007ffb162bc000 	C:\WINDOWS\SYSTEM32\dhcpcsvc.DLL
0x00007ffb21b40000 - 0x00007ffb21c0b000 	C:\WINDOWS\SYSTEM32\DNSAPI.dll
0x00007ffb16380000 - 0x00007ffb1638b000 	C:\WINDOWS\SYSTEM32\WINNSI.DLL

VM Arguments:
jvm_args: -Xmx2048m -Dfile.encoding=UTF-8 -Duser.country=US -Duser.language=en -Duser.variant 
java_command: org.gradle.launcher.daemon.bootstrap.GradleDaemon 6.5
java_class_path (initial): C:\Users\tamang\.gradle\wrapper\dists\gradle-6.5-bin\6nifqtx7604sqp1q6g8wikw7p\gradle-6.5\lib\gradle-launcher-6.5.jar
Launcher Type: SUN_STANDARD

Environment Variables:
PATH=C:\Program Files (x86)\Intel\iCLS Client\;C:\Program Files\Intel\iCLS Client\;C:\WINDOWS\system32;C:\WINDOWS;C:\WINDOWS\System32\Wbem;C:\WINDOWS\System32\WindowsPowerShell\v1.0\;C:\Program Files (x86)\Intel\Intel(R) Management Engine Components\DAL;C:\Program Files\Intel\Intel(R) Management Engine Components\DAL;C:\Program Files (x86)\Intel\Intel(R) Management Engine Components\IPT;C:\Program Files\Intel\Intel(R) Management Engine Components\IPT;C:\Program Files\Intel\WiFi\bin\;C:\Program Files\Common Files\Intel\WirelessCommon\;C:\WINDOWS\System32\OpenSSH\;C:\Users\tamang\AppData\Local\Microsoft\WindowsApps;
USERNAME=tamang
OS=Windows_NT
PROCESSOR_IDENTIFIER=Intel64 Family 6 Model 142 Stepping 9, GenuineIntel



---------------  S Y S T E M  ---------------

OS: Windows 10.0 , 64 bit Build 18362 (10.0.18362.1350)

CPU:total 4 (initial active 4) (2 cores per cpu, 2 threads per core) family 6 model 142 stepping 9, cmov, cx8, fxsr, mmx, sse, sse2, sse3, ssse3, sse4.1, sse4.2, popcnt, avx, avx2, aes, clmul, erms, 3dnowpref, lzcnt, ht, tsc, tscinvbit, bmi1, bmi2, adx

Memory: 4k page, physical 8284812k(515696k free), swap 13527692k(6596k free)

vm_info: OpenJDK 64-Bit Server VM (25.242-b01) for windows-amd64 JRE (1.8.0_242-release-1644-b01), built by "builder" with MS VC++ 10.0 (VS2010)

time: Wed Feb 24 19:11:08 2021
timezone: India Standard Time
elapsed time: 973 seconds (0d 0h 16m 13s)

