#
# There is insufficient memory for the Java Runtime Environment to continue.
# Native memory allocation (malloc) failed to allocate 259376 bytes for Chunk::new
# Possible reasons:
#   The system is out of physical RAM or swap space
#   The process is running with CompressedOops enabled, and the Java Heap may be blocking the growth of the native heap
# Possible solutions:
#   Reduce memory load on the system
#   Increase physical memory or swap space
#   Check if swap backing store is full
#   Decrease Java heap size (-Xmx/-Xms)
#   Decrease number of Java threads
#   Decrease Java thread stack sizes (-Xss)
#   Set larger code cache with -XX:ReservedCodeCacheSize=
#   JVM is running with Unscaled Compressed Oops mode in which the Java heap is
#     placed in the first 4GB address space. The Java Heap base address is the
#     maximum limit for the native heap growth. Please use -XX:HeapBaseMinAddress
#     to set the Java Heap base and to place the Java Heap above 4GB virtual address.
# This output file may be truncated or incomplete.
#
#  Out of Memory Error (allocation.cpp:389), pid=13100, tid=0x00000000000010fc
#
# JRE version: OpenJDK Runtime Environment (8.0_242-b01) (build 1.8.0_242-release-1644-b01)
# Java VM: OpenJDK 64-Bit Server VM (25.242-b01 mixed mode windows-amd64 compressed oops)
# Failed to write core dump. Minidumps are not enabled by default on client versions of Windows
#

---------------  T H R E A D  ---------------

Current thread (0x0000000017b0d000):  JavaThread "C2 CompilerThread1" daemon [_thread_in_native, id=4348, stack(0x0000000019250000,0x0000000019350000)]

Stack: [0x0000000019250000,0x0000000019350000]
[error occurred during error reporting (printing stack bounds), id 0xc0000005]

Native frames: (J=compiled Java code, j=interpreted, Vv=VM code, C=native code)


Current CompileTask:
C2: 523548 11292       4       java.lang.Class::annotationData (44 bytes)


---------------  P R O C E S S  ---------------

Java Threads: ( => current thread )
  0x000000002049a800 JavaThread "WorkerExecutor Queue Thread 4" [_thread_blocked, id=9840, stack(0x000000002af30000,0x000000002b030000)]
  0x0000000020498000 JavaThread "WorkerExecutor Queue Thread 3" [_thread_blocked, id=10380, stack(0x000000002b430000,0x000000002b530000)]
  0x0000000020496800 JavaThread "WorkerExecutor Queue Thread 2" [_thread_blocked, id=10120, stack(0x000000002b330000,0x000000002b430000)]
  0x000000001a384000 JavaThread "WorkerExecutor Queue" [_thread_blocked, id=12672, stack(0x000000002b230000,0x000000002b330000)]
  0x000000001a382800 JavaThread "ForkJoinPool.commonPool-worker-2" daemon [_thread_blocked, id=11044, stack(0x000000002b030000,0x000000002b130000)]
  0x000000001a382000 JavaThread "Cache worker for Java compile cache (C:\Users\tamang\AndroidStudioProjects\Esportify\.gradle\6.5\javaCompile)" [_thread_blocked, id=1328, stack(0x000000002aa30000,0x000000002ab30000)]
  0x000000001a379800 JavaThread "Cache worker for Java compile cache (C:\Users\tamang\.gradle\caches\6.5\javaCompile)" [_thread_blocked, id=4928, stack(0x000000002a930000,0x000000002aa30000)]
  0x000000001a37f800 JavaThread "Cache worker for execution history cache (C:\Users\tamang\AndroidStudioProjects\Esportify\.gradle\6.5\executionHistory)" [_thread_blocked, id=5280, stack(0x000000002a230000,0x000000002a330000)]
  0x000000001a378000 JavaThread "Execution worker for ':' Thread 3" [_thread_blocked, id=1976, stack(0x000000002a130000,0x000000002a230000)]
  0x000000001a37f000 JavaThread "Execution worker for ':' Thread 2" [_thread_blocked, id=13648, stack(0x000000002a030000,0x000000002a130000)]
  0x000000001a377800 JavaThread "Execution worker for ':'" [_thread_blocked, id=10992, stack(0x0000000029f30000,0x000000002a030000)]
  0x000000001a376800 JavaThread "Cache worker for file content cache (C:\Users\tamang\AndroidStudioProjects\Esportify\.gradle\6.5\fileContent)" [_thread_blocked, id=11612, stack(0x00000000298f0000,0x00000000299f0000)]
  0x000000001a37d800 JavaThread "pool-2-thread-1" [_thread_blocked, id=6324, stack(0x00000000289f0000,0x0000000028af0000)]
  0x000000001a375800 JavaThread "Cache worker for Build Output Cleanup Cache (C:\Users\tamang\AndroidStudioProjects\Esportify\.gradle\buildOutputCleanup)" [_thread_blocked, id=2720, stack(0x00000000286f0000,0x00000000287f0000)]
  0x000000001a37c800 JavaThread "jar transforms Thread 184" [_thread_blocked, id=6984, stack(0x00000000283f0000,0x00000000284f0000)]
  0x000000001a37a800 JavaThread "jar transforms Thread 183" [_thread_blocked, id=6976, stack(0x00000000282f0000,0x00000000283f0000)]
  0x000000001a37b000 JavaThread "jar transforms Thread 182" [_thread_blocked, id=3688, stack(0x00000000281f0000,0x00000000282f0000)]
  0x000000001a37c000 JavaThread "jar transforms Thread 181" [_thread_blocked, id=8344, stack(0x00000000280f0000,0x00000000281f0000)]
  0x000000001a375000 JavaThread "jar transforms Thread 180" [_thread_blocked, id=1628, stack(0x0000000027ff0000,0x00000000280f0000)]
  0x000000001b6e6800 JavaThread "jar transforms Thread 179" [_thread_blocked, id=9280, stack(0x0000000027ef0000,0x0000000027ff0000)]
  0x000000001b6e5800 JavaThread "jar transforms Thread 178" [_thread_blocked, id=12364, stack(0x0000000027df0000,0x0000000027ef0000)]
  0x000000001b6e4000 JavaThread "jar transforms Thread 177" [_thread_blocked, id=12592, stack(0x0000000027cf0000,0x0000000027df0000)]
  0x000000001b6e2800 JavaThread "jar transforms Thread 176" [_thread_blocked, id=13264, stack(0x0000000027bf0000,0x0000000027cf0000)]
  0x000000001b6e3800 JavaThread "jar transforms Thread 175" [_thread_blocked, id=10492, stack(0x0000000027af0000,0x0000000027bf0000)]
  0x000000001b6e5000 JavaThread "jar transforms Thread 174" [_thread_blocked, id=6000, stack(0x00000000279f0000,0x0000000027af0000)]
  0x000000001b6e2000 JavaThread "jar transforms Thread 173" [_thread_blocked, id=14120, stack(0x00000000278f0000,0x00000000279f0000)]
  0x000000001b6da800 JavaThread "jar transforms Thread 172" [_thread_blocked, id=12484, stack(0x00000000277f0000,0x00000000278f0000)]
  0x000000001b6e1000 JavaThread "jar transforms Thread 171" [_thread_blocked, id=6004, stack(0x00000000276f0000,0x00000000277f0000)]
  0x000000001b6d9800 JavaThread "jar transforms Thread 170" [_thread_blocked, id=12768, stack(0x00000000275f0000,0x00000000276f0000)]
  0x000000001b6e0800 JavaThread "jar transforms Thread 169" [_thread_blocked, id=10812, stack(0x00000000274f0000,0x00000000275f0000)]
  0x000000001b6d9000 JavaThread "jar transforms Thread 168" [_thread_blocked, id=9792, stack(0x00000000273f0000,0x00000000274f0000)]
  0x000000001b6df800 JavaThread "jar transforms Thread 167" [_thread_blocked, id=12688, stack(0x00000000272f0000,0x00000000273f0000)]
  0x000000001b6db000 JavaThread "jar transforms Thread 166" [_thread_blocked, id=3880, stack(0x00000000271f0000,0x00000000272f0000)]
  0x000000001b6df000 JavaThread "jar transforms Thread 165" [_thread_blocked, id=10092, stack(0x00000000270f0000,0x00000000271f0000)]
  0x000000001b6d7800 JavaThread "jar transforms Thread 164" [_thread_blocked, id=11988, stack(0x0000000026ff0000,0x00000000270f0000)]
  0x000000001b6d8000 JavaThread "jar transforms Thread 163" [_thread_blocked, id=2192, stack(0x0000000026ef0000,0x0000000026ff0000)]
  0x000000001b6dc800 JavaThread "jar transforms Thread 162" [_thread_blocked, id=12908, stack(0x0000000026df0000,0x0000000026ef0000)]
  0x000000001b6de000 JavaThread "jar transforms Thread 161" [_thread_blocked, id=7436, stack(0x0000000026cf0000,0x0000000026df0000)]
  0x000000001b6dd800 JavaThread "jar transforms Thread 160" [_thread_blocked, id=7464, stack(0x0000000026bf0000,0x0000000026cf0000)]
  0x000000001b6dc000 JavaThread "jar transforms Thread 159" [_thread_blocked, id=9028, stack(0x0000000026af0000,0x0000000026bf0000)]
  0x0000000020425800 JavaThread "jar transforms Thread 158" [_thread_blocked, id=3016, stack(0x00000000269f0000,0x0000000026af0000)]
  0x0000000020424000 JavaThread "jar transforms Thread 157" [_thread_blocked, id=12400, stack(0x00000000268f0000,0x00000000269f0000)]
  0x0000000020423800 JavaThread "jar transforms Thread 156" [_thread_blocked, id=12024, stack(0x00000000267f0000,0x00000000268f0000)]
  0x0000000020425000 JavaThread "jar transforms Thread 155" [_thread_blocked, id=8128, stack(0x00000000266f0000,0x00000000267f0000)]
  0x000000002041c000 JavaThread "jar transforms Thread 154" [_thread_blocked, id=11648, stack(0x00000000265f0000,0x00000000266f0000)]
  0x0000000020422800 JavaThread "jar transforms Thread 153" [_thread_blocked, id=13920, stack(0x00000000264f0000,0x00000000265f0000)]
  0x0000000020420800 JavaThread "jar transforms Thread 152" [_thread_blocked, id=3260, stack(0x00000000263f0000,0x00000000264f0000)]
  0x0000000020422000 JavaThread "jar transforms Thread 151" [_thread_blocked, id=9052, stack(0x00000000262f0000,0x00000000263f0000)]
  0x000000002041f000 JavaThread "jar transforms Thread 150" [_thread_blocked, id=10036, stack(0x00000000261f0000,0x00000000262f0000)]
  0x0000000020421000 JavaThread "jar transforms Thread 149" [_thread_blocked, id=10436, stack(0x00000000260f0000,0x00000000261f0000)]
  0x000000002041f800 JavaThread "jar transforms Thread 148" [_thread_blocked, id=1276, stack(0x0000000025ff0000,0x00000000260f0000)]
  0x0000000020416800 JavaThread "jar transforms Thread 147" [_thread_blocked, id=14160, stack(0x0000000025ef0000,0x0000000025ff0000)]
  0x0000000020417800 JavaThread "jar transforms Thread 146" [_thread_blocked, id=13340, stack(0x0000000025df0000,0x0000000025ef0000)]
  0x000000002041a800 JavaThread "jar transforms Thread 145" [_thread_blocked, id=996, stack(0x0000000025cf0000,0x0000000025df0000)]
  0x0000000020419800 JavaThread "jar transforms Thread 144" [_thread_blocked, id=12308, stack(0x0000000025bf0000,0x0000000025cf0000)]
  0x0000000020419000 JavaThread "jar transforms Thread 143" [_thread_blocked, id=5604, stack(0x0000000025af0000,0x0000000025bf0000)]
  0x000000002041c800 JavaThread "jar transforms Thread 142" [_thread_blocked, id=7756, stack(0x00000000259f0000,0x0000000025af0000)]
  0x000000002041b000 JavaThread "jar transforms Thread 141" [_thread_blocked, id=8548, stack(0x00000000258f0000,0x00000000259f0000)]
  0x0000000020418000 JavaThread "jar transforms Thread 140" [_thread_blocked, id=12332, stack(0x00000000257f0000,0x00000000258f0000)]
  0x000000002041d800 JavaThread "jar transforms Thread 139" [_thread_blocked, id=11600, stack(0x00000000256f0000,0x00000000257f0000)]
  0x000000001ac50800 JavaThread "jar transforms Thread 138" [_thread_blocked, id=5076, stack(0x00000000255f0000,0x00000000256f0000)]
  0x000000001ac4f000 JavaThread "jar transforms Thread 137" [_thread_blocked, id=12856, stack(0x00000000254f0000,0x00000000255f0000)]
  0x000000001ac4e000 JavaThread "jar transforms Thread 136" [_thread_blocked, id=2008, stack(0x00000000253f0000,0x00000000254f0000)]
  0x000000001ac52000 JavaThread "jar transforms Thread 135" [_thread_blocked, id=14004, stack(0x00000000252f0000,0x00000000253f0000)]
  0x000000001ac54800 JavaThread "jar transforms Thread 134" [_thread_blocked, id=13540, stack(0x00000000251f0000,0x00000000252f0000)]
  0x000000001ac51800 JavaThread "jar transforms Thread 133" [_thread_blocked, id=8832, stack(0x00000000250f0000,0x00000000251f0000)]
  0x000000001ac53000 JavaThread "jar transforms Thread 132" [_thread_blocked, id=12788, stack(0x0000000024ff0000,0x00000000250f0000)]
  0x000000001ac53800 JavaThread "jar transforms Thread 131" [_thread_blocked, id=5572, stack(0x0000000024ef0000,0x0000000024ff0000)]
  0x000000001ac50000 JavaThread "jar transforms Thread 130" [_thread_blocked, id=8636, stack(0x0000000024df0000,0x0000000024ef0000)]
  0x000000001ac46800 JavaThread "jar transforms Thread 129" [_thread_blocked, id=7712, stack(0x0000000024cf0000,0x0000000024df0000)]
  0x000000001ac47800 JavaThread "jar transforms Thread 128" [_thread_blocked, id=10600, stack(0x0000000024bf0000,0x0000000024cf0000)]
  0x000000001ac4d800 JavaThread "jar transforms Thread 127" [_thread_blocked, id=13224, stack(0x0000000024af0000,0x0000000024bf0000)]
  0x000000001ac4c800 JavaThread "jar transforms Thread 126" [_thread_blocked, id=8304, stack(0x00000000249f0000,0x0000000024af0000)]
  0x000000001ac45000 JavaThread "jar transforms Thread 125" [_thread_blocked, id=1656, stack(0x00000000248f0000,0x00000000249f0000)]
  0x000000001ac4b000 JavaThread "jar transforms Thread 124" [_thread_blocked, id=11280, stack(0x00000000247f0000,0x00000000248f0000)]
  0x000000001ac4a800 JavaThread "jar transforms Thread 123" [_thread_blocked, id=7396, stack(0x00000000246f0000,0x00000000247f0000)]
  0x000000001ac49800 JavaThread "jar transforms Thread 122" [_thread_blocked, id=14068, stack(0x00000000245f0000,0x00000000246f0000)]
  0x000000001ac4c000 JavaThread "jar transforms Thread 121" [_thread_blocked, id=10952, stack(0x00000000244f0000,0x00000000245f0000)]
  0x000000001ac49000 JavaThread "jar transforms Thread 120" [_thread_blocked, id=6356, stack(0x00000000243f0000,0x00000000244f0000)]
  0x000000001ac48000 JavaThread "jar transforms Thread 119" [_thread_blocked, id=3200, stack(0x00000000242f0000,0x00000000243f0000)]
  0x000000001ac46000 JavaThread "jar transforms Thread 118" [_thread_blocked, id=8820, stack(0x00000000241f0000,0x00000000242f0000)]
  0x000000001b4f8000 JavaThread "jar transforms Thread 117" [_thread_blocked, id=14028, stack(0x00000000240f0000,0x00000000241f0000)]
  0x000000001b4fa800 JavaThread "jar transforms Thread 116" [_thread_blocked, id=10212, stack(0x0000000023ff0000,0x00000000240f0000)]
  0x000000001b4fc000 JavaThread "jar transforms Thread 115" [_thread_blocked, id=1456, stack(0x0000000023ef0000,0x0000000023ff0000)]
  0x000000001b4fb000 JavaThread "jar transforms Thread 114" [_thread_blocked, id=1132, stack(0x0000000023df0000,0x0000000023ef0000)]
  0x000000001b4f7800 JavaThread "jar transforms Thread 113" [_thread_blocked, id=11896, stack(0x0000000023cf0000,0x0000000023df0000)]
  0x000000001b869000 JavaThread "jar transforms Thread 112" [_thread_blocked, id=3904, stack(0x0000000023bf0000,0x0000000023cf0000)]
  0x000000001b870000 JavaThread "jar transforms Thread 111" [_thread_blocked, id=13344, stack(0x0000000023af0000,0x0000000023bf0000)]
  0x000000001b868800 JavaThread "jar transforms Thread 110" [_thread_blocked, id=10096, stack(0x00000000239f0000,0x0000000023af0000)]
  0x000000001b86e800 JavaThread "jar transforms Thread 109" [_thread_blocked, id=1332, stack(0x00000000238f0000,0x00000000239f0000)]
  0x000000001b86d800 JavaThread "jar transforms Thread 108" [_thread_blocked, id=10400, stack(0x00000000237f0000,0x00000000238f0000)]
  0x000000001b86f000 JavaThread "jar transforms Thread 107" [_thread_blocked, id=10464, stack(0x00000000236f0000,0x00000000237f0000)]
  0x000000001b86d000 JavaThread "jar transforms Thread 106" [_thread_blocked, id=6208, stack(0x00000000235f0000,0x00000000236f0000)]
  0x000000001b86b800 JavaThread "jar transforms Thread 105" [_thread_blocked, id=13444, stack(0x00000000234f0000,0x00000000235f0000)]
  0x000000001b86a000 JavaThread "jar transforms Thread 104" [_thread_blocked, id=7772, stack(0x00000000233f0000,0x00000000234f0000)]
  0x000000001b86a800 JavaThread "jar transforms Thread 103" [_thread_blocked, id=10388, stack(0x00000000232f0000,0x00000000233f0000)]
  0x000000001b86c000 JavaThread "jar transforms Thread 102" [_thread_blocked, id=11304, stack(0x00000000230f0000,0x00000000231f0000)]
  0x000000001b861000 JavaThread "jar transforms Thread 101" [_thread_blocked, id=4292, stack(0x0000000022ff0000,0x00000000230f0000)]
  0x000000001b867800 JavaThread "jar transforms Thread 100" [_thread_blocked, id=7012, stack(0x0000000022ef0000,0x0000000022ff0000)]
  0x000000001b867000 JavaThread "jar transforms Thread 99" [_thread_blocked, id=11076, stack(0x0000000022df0000,0x0000000022ef0000)]
  0x000000001b865800 JavaThread "jar transforms Thread 98" [_thread_blocked, id=13724, stack(0x0000000022cf0000,0x0000000022df0000)]
  0x000000001b864800 JavaThread "jar transforms Thread 97" [_thread_blocked, id=10560, stack(0x0000000022bf0000,0x0000000022cf0000)]
  0x000000001b864000 JavaThread "jar transforms Thread 96" [_thread_blocked, id=12016, stack(0x0000000022af0000,0x0000000022bf0000)]
  0x000000001a303000 JavaThread "jar transforms Thread 95" [_thread_blocked, id=10128, stack(0x00000000229f0000,0x0000000022af0000)]
  0x000000001a302800 JavaThread "jar transforms Thread 94" [_thread_blocked, id=12536, stack(0x00000000228f0000,0x00000000229f0000)]
  0x000000001a301800 JavaThread "jar transforms Thread 93" [_thread_blocked, id=1392, stack(0x00000000227f0000,0x00000000228f0000)]
  0x000000001a301000 JavaThread "Build operations Thread 4" [_thread_blocked, id=12256, stack(0x00000000226f0000,0x00000000227f0000)]
  0x000000001a306000 JavaThread "Build operations Thread 3" [_thread_blocked, id=10756, stack(0x00000000225f0000,0x00000000226f0000)]
  0x000000001a305800 JavaThread "Build operations Thread 2" [_thread_blocked, id=9500, stack(0x00000000224f0000,0x00000000225f0000)]
  0x000000001a304800 JavaThread "Build operations" [_thread_blocked, id=11396, stack(0x0000000021cf0000,0x0000000021df0000)]
  0x000000001a304000 JavaThread "Cache worker for cache directory md-rule (C:\Users\tamang\.gradle\caches\6.5\md-rule)" [_thread_blocked, id=8120, stack(0x00000000214f0000,0x00000000215f0000)]
  0x000000001a300000 JavaThread "Cache worker for cache directory md-supplier (C:\Users\tamang\.gradle\caches\6.5\md-supplier)" [_thread_blocked, id=3156, stack(0x00000000213f0000,0x00000000214f0000)]
  0x000000001a2f9800 JavaThread "Cache worker for checksums cache (C:\Users\tamang\AndroidStudioProjects\Esportify\.gradle\checksums)" [_thread_blocked, id=1880, stack(0x00000000212f0000,0x00000000213f0000)]
  0x000000001a2fe800 JavaThread "Cache worker for file hash cache (C:\Users\tamang\AndroidStudioProjects\Esportify\.gradle\6.5\fileHashes)" [_thread_blocked, id=5864, stack(0x000000001db70000,0x000000001dc70000)]
  0x000000001a2fe000 JavaThread "Thread-127" [_thread_blocked, id=4436, stack(0x000000001d570000,0x000000001d670000)]
  0x000000001a2fd000 JavaThread "Stdin handler" [_thread_blocked, id=1904, stack(0x000000001d470000,0x000000001d570000)]
  0x000000001a2f8000 JavaThread "Asynchronous log dispatcher for DefaultDaemonConnection: socket connection from /127.0.0.1:51312 to /127.0.0.1:51757" [_thread_blocked, id=8112, stack(0x000000001d370000,0x000000001d470000)]
  0x000000001a2fa000 JavaThread "Daemon worker Thread 2" [_thread_blocked, id=13556, stack(0x000000001d270000,0x000000001d370000)]
  0x000000001a2fc800 JavaThread "Cancel handler" [_thread_blocked, id=9604, stack(0x000000001cf70000,0x000000001d070000)]
  0x000000001a2f8800 JavaThread "Handler for socket connection from /127.0.0.1:51312 to /127.0.0.1:51757" [_thread_in_native, id=8668, stack(0x0000000002b20000,0x0000000002c20000)]
  0x000000001a2fb800 JavaThread "Daemon Thread 2" [_thread_blocked, id=2256, stack(0x0000000001160000,0x0000000001260000)]
  0x000000001a2f7000 JavaThread "Memory manager" [_thread_blocked, id=9192, stack(0x0000000029c30000,0x0000000029d30000)]
  0x000000001b4fd000 JavaThread "Cache worker for file content cache (C:\Users\tamang\.gradle\caches\6.5\fileContent)" [_thread_blocked, id=8268, stack(0x0000000021df0000,0x0000000021ef0000)]
  0x000000001b4f9000 JavaThread "Cache worker for execution history cache (C:\Users\tamang\.gradle\caches\6.5\executionHistory)" [_thread_blocked, id=11664, stack(0x00000000215f0000,0x00000000216f0000)]
  0x000000001b4f6800 JavaThread "Cache worker for file hash cache (C:\Users\tamang\.gradle\caches\6.5\fileHashes)" [_thread_blocked, id=7664, stack(0x000000001da70000,0x000000001db70000)]
  0x000000001b4f9800 JavaThread "File lock request listener" [_thread_in_native, id=10824, stack(0x000000001d970000,0x000000001da70000)]
  0x000000001b4f6000 JavaThread "Cache worker for journal cache (C:\Users\tamang\.gradle\caches\journal-1)" [_thread_blocked, id=13368, stack(0x000000001d870000,0x000000001d970000)]
  0x000000001b1da800 JavaThread "Daemon periodic checks" [_thread_blocked, id=8220, stack(0x000000001cc70000,0x000000001cd70000)]
  0x000000001b1d9800 JavaThread "Incoming local TCP Connector on port 51312" [_thread_in_native, id=14220, stack(0x000000001ca30000,0x000000001cb30000)]
  0x000000001b2d8800 JavaThread "Daemon health stats" [_thread_blocked, id=6032, stack(0x000000001c3f0000,0x000000001c4f0000)]
  0x0000000017b5e800 JavaThread "Service Thread" daemon [_thread_blocked, id=8744, stack(0x0000000019850000,0x0000000019950000)]
  0x0000000017b1b800 JavaThread "C1 CompilerThread2" daemon [_thread_in_vm, id=13328, stack(0x0000000019350000,0x0000000019450000)]
=>0x0000000017b0d000 JavaThread "C2 CompilerThread1" daemon [_thread_in_native, id=4348, stack(0x0000000019250000,0x0000000019350000)]
  0x0000000017b01800 JavaThread "C2 CompilerThread0" daemon [_thread_in_vm, id=13632, stack(0x0000000019150000,0x0000000019250000)]
  0x0000000017b00800 JavaThread "Attach Listener" daemon [_thread_blocked, id=5032, stack(0x0000000019050000,0x0000000019150000)]
  0x0000000017b05000 JavaThread "Signal Dispatcher" daemon [_thread_blocked, id=12120, stack(0x0000000018f50000,0x0000000019050000)]
  0x0000000002edb000 JavaThread "Finalizer" daemon [_thread_blocked, id=12748, stack(0x0000000018d50000,0x0000000018e50000)]
  0x0000000017ae9000 JavaThread "Reference Handler" daemon [_thread_blocked, id=12368, stack(0x0000000018c50000,0x0000000018d50000)]
  0x0000000002cdd800 JavaThread "main" [_thread_blocked, id=12108, stack(0x0000000002ce0000,0x0000000002de0000)]

Other Threads:
  0x0000000017ac6000 VMThread [stack: 0x0000000018b50000,0x0000000018c50000] [id=3620]
  0x00000000194a0800 WatcherThread [stack: 0x0000000019950000,0x0000000019a50000] [id=14300]

VM state:synchronizing (normal execution)

VM Mutex/Monitor currently owned by a thread:  ([mutex/lock_event])
[0x0000000002cdc2d0] CodeCache_lock - owner thread: 0x0000000017b1b800
[0x0000000002cdcb20] Threads_lock - owner thread: 0x0000000017ac6000
[0x0000000002de08d0] Compile_lock - owner thread: 0x0000000017b1b800
[0x0000000002de16d0] MethodCompileQueue_lock - owner thread: 0x0000000017b1b800

heap address: 0x0000000080000000, size: 2048 MB, Compressed Oops mode: 32-bit
Narrow klass base: 0x0000000000000000, Narrow klass shift: 3
Compressed class space size: 1073741824 Address: 0x0000000100000000

Heap:
 PSYoungGen      total 303104K, used 114069K [0x00000000d5580000, 0x00000000f1700000, 0x0000000100000000)
  eden space 281088K, 32% used [0x00000000d5580000,0x00000000daf68d00,0x00000000e6800000)
  from space 22016K, 99% used [0x00000000e6800000,0x00000000e7d7caf0,0x00000000e7d80000)
  to   space 30720K, 0% used [0x00000000ef900000,0x00000000ef900000,0x00000000f1700000)
 ParOldGen       total 92672K, used 52162K [0x0000000080000000, 0x0000000085a80000, 0x00000000d5580000)
  object space 92672K, 56% used [0x0000000080000000,0x00000000832f0b20,0x0000000085a80000)
 Metaspace       used 85404K, capacity 89672K, committed 89880K, reserved 1126400K
  class space    used 11568K, capacity 12334K, committed 12336K, reserved 1048576K

Card table byte_map: [0x00000000122a0000,0x00000000126b0000] byte_map_base: 0x0000000011ea0000

Marking Bits: (ParMarkBitMap*) 0x000000005ef9f030
 Begin Bits: [0x0000000012d60000, 0x0000000014d60000)
 End Bits:   [0x0000000014d60000, 0x0000000016d60000)

Polling page: 0x00000000013f0000

CodeCache: size=245760Kb used=30264Kb max_used=30264Kb free=215495Kb
 bounds [0x0000000002ee0000, 0x0000000004ca0000, 0x0000000011ee0000]
 total_blobs=10508 nmethods=9666 adapters=753
 compilation: enabled

Compilation events (10 events):
Event: 523.353 Thread 0x0000000017b1b800 nmethod 11373 0x0000000004c7fd10 code [0x0000000004c7fec0, 0x0000000004c80628]
Event: 523.353 Thread 0x0000000017b1b800 11374       3       kotlin.reflect.jvm.internal.impl.protobuf.FieldSet::setField (124 bytes)
Event: 523.354 Thread 0x0000000017b1b800 nmethod 11374 0x0000000004c80950 code [0x0000000004c80ba0, 0x0000000004c81b98]
Event: 523.354 Thread 0x0000000017b1b800 11375       3       kotlin.reflect.jvm.internal.impl.protobuf.FieldSet::verifyType (205 bytes)
Event: 523.354 Thread 0x0000000017b1b800 nmethod 11375 0x0000000004c821d0 code [0x0000000004c823e0, 0x0000000004c83698]
Event: 523.354 Thread 0x0000000017b1b800 11376   !   3       kotlin.reflect.jvm.internal.impl.protobuf.AbstractParser::parsePartialFrom (37 bytes)
Event: 523.355 Thread 0x0000000017b1b800 nmethod 11376 0x0000000004c83890 code [0x0000000004c83a60, 0x0000000004c840f8]
Event: 523.355 Thread 0x0000000017b1b800 11377       3       kotlin.reflect.jvm.internal.impl.protobuf.CodedInputStream::newInstance (9 bytes)
Event: 523.355 Thread 0x0000000017b1b800 nmethod 11377 0x0000000004c843d0 code [0x0000000004c84540, 0x0000000004c84708]
Event: 523.434 Thread 0x0000000017b1b800 11378       3       java.lang.Class::getEnclosingMethod (238 bytes)

GC Heap History (10 events):
Event: 24.190 GC heap before
{Heap before GC invocations=12 (full 2):
 PSYoungGen      total 140288K, used 129024K [0x00000000d5580000, 0x00000000e2c80000, 0x0000000100000000)
  eden space 129024K, 100% used [0x00000000d5580000,0x00000000dd380000,0x00000000dd380000)
  from space 11264K, 0% used [0x00000000dd380000,0x00000000dd380000,0x00000000dde80000)
  to   space 12800K, 0% used [0x00000000e2000000,0x00000000e2000000,0x00000000e2c80000)
 ParOldGen       total 61952K, used 17250K [0x0000000080000000, 0x0000000083c80000, 0x00000000d5580000)
  object space 61952K, 27% used [0x0000000080000000,0x00000000810d8ad8,0x0000000083c80000)
 Metaspace       used 41122K, capacity 42826K, committed 42920K, reserved 1085440K
  class space    used 5629K, capacity 5999K, committed 6064K, reserved 1048576K
Event: 24.207 GC heap after
Heap after GC invocations=12 (full 2):
 PSYoungGen      total 206336K, used 10713K [0x00000000d5580000, 0x00000000e2e00000, 0x0000000100000000)
  eden space 193536K, 0% used [0x00000000d5580000,0x00000000d5580000,0x00000000e1280000)
  from space 12800K, 83% used [0x00000000e2000000,0x00000000e2a76498,0x00000000e2c80000)
  to   space 13824K, 0% used [0x00000000e1280000,0x00000000e1280000,0x00000000e2000000)
 ParOldGen       total 61952K, used 17258K [0x0000000080000000, 0x0000000083c80000, 0x00000000d5580000)
  object space 61952K, 27% used [0x0000000080000000,0x00000000810daad8,0x0000000083c80000)
 Metaspace       used 41122K, capacity 42826K, committed 42920K, reserved 1085440K
  class space    used 5629K, capacity 5999K, committed 6064K, reserved 1048576K
}
Event: 32.723 GC heap before
{Heap before GC invocations=13 (full 2):
 PSYoungGen      total 206336K, used 188003K [0x00000000d5580000, 0x00000000e2e00000, 0x0000000100000000)
  eden space 193536K, 91% used [0x00000000d5580000,0x00000000e02a2798,0x00000000e1280000)
  from space 12800K, 83% used [0x00000000e2000000,0x00000000e2a76498,0x00000000e2c80000)
  to   space 13824K, 0% used [0x00000000e1280000,0x00000000e1280000,0x00000000e2000000)
 ParOldGen       total 61952K, used 17258K [0x0000000080000000, 0x0000000083c80000, 0x00000000d5580000)
  object space 61952K, 27% used [0x0000000080000000,0x00000000810daad8,0x0000000083c80000)
 Metaspace       used 56797K, capacity 59090K, committed 59160K, reserved 1099776K
  class space    used 7771K, capacity 8230K, committed 8240K, reserved 1048576K
Event: 32.782 GC heap after
Heap after GC invocations=13 (full 2):
 PSYoungGen      total 207360K, used 13822K [0x00000000d5580000, 0x00000000e9500000, 0x0000000100000000)
  eden space 193536K, 0% used [0x00000000d5580000,0x00000000d5580000,0x00000000e1280000)
  from space 13824K, 99% used [0x00000000e1280000,0x00000000e1fff928,0x00000000e2000000)
  to   space 20480K, 0% used [0x00000000e8100000,0x00000000e8100000,0x00000000e9500000)
 ParOldGen       total 61952K, used 30221K [0x0000000080000000, 0x0000000083c80000, 0x00000000d5580000)
  object space 61952K, 48% used [0x0000000080000000,0x0000000081d836a8,0x0000000083c80000)
 Metaspace       used 56797K, capacity 59090K, committed 59160K, reserved 1099776K
  class space    used 7771K, capacity 8230K, committed 8240K, reserved 1048576K
}
Event: 32.782 GC heap before
{Heap before GC invocations=14 (full 3):
 PSYoungGen      total 207360K, used 13822K [0x00000000d5580000, 0x00000000e9500000, 0x0000000100000000)
  eden space 193536K, 0% used [0x00000000d5580000,0x00000000d5580000,0x00000000e1280000)
  from space 13824K, 99% used [0x00000000e1280000,0x00000000e1fff928,0x00000000e2000000)
  to   space 20480K, 0% used [0x00000000e8100000,0x00000000e8100000,0x00000000e9500000)
 ParOldGen       total 61952K, used 30221K [0x0000000080000000, 0x0000000083c80000, 0x00000000d5580000)
  object space 61952K, 48% used [0x0000000080000000,0x0000000081d836a8,0x0000000083c80000)
 Metaspace       used 56797K, capacity 59090K, committed 59160K, reserved 1099776K
  class space    used 7771K, capacity 8230K, committed 8240K, reserved 1048576K
Event: 33.129 GC heap after
Heap after GC invocations=14 (full 3):
 PSYoungGen      total 207360K, used 0K [0x00000000d5580000, 0x00000000e9500000, 0x0000000100000000)
  eden space 193536K, 0% used [0x00000000d5580000,0x00000000d5580000,0x00000000e1280000)
  from space 13824K, 0% used [0x00000000e1280000,0x00000000e1280000,0x00000000e2000000)
  to   space 20480K, 0% used [0x00000000e8100000,0x00000000e8100000,0x00000000e9500000)
 ParOldGen       total 92672K, used 38492K [0x0000000080000000, 0x0000000085a80000, 0x00000000d5580000)
  object space 92672K, 41% used [0x0000000080000000,0x0000000082597230,0x0000000085a80000)
 Metaspace       used 56788K, capacity 59060K, committed 59160K, reserved 1099776K
  class space    used 7768K, capacity 8225K, committed 8240K, reserved 1048576K
}
Event: 41.792 GC heap before
{Heap before GC invocations=15 (full 3):
 PSYoungGen      total 207360K, used 193536K [0x00000000d5580000, 0x00000000e9500000, 0x0000000100000000)
  eden space 193536K, 100% used [0x00000000d5580000,0x00000000e1280000,0x00000000e1280000)
  from space 13824K, 0% used [0x00000000e1280000,0x00000000e1280000,0x00000000e2000000)
  to   space 20480K, 0% used [0x00000000e8100000,0x00000000e8100000,0x00000000e9500000)
 ParOldGen       total 92672K, used 38492K [0x0000000080000000, 0x0000000085a80000, 0x00000000d5580000)
  object space 92672K, 41% used [0x0000000080000000,0x0000000082597230,0x0000000085a80000)
 Metaspace       used 63854K, capacity 66950K, committed 67224K, reserved 1107968K
  class space    used 8800K, capacity 9368K, committed 9392K, reserved 1048576K
Event: 41.834 GC heap after
Heap after GC invocations=15 (full 3):
 PSYoungGen      total 299520K, used 17089K [0x00000000d5580000, 0x00000000e9300000, 0x0000000100000000)
  eden space 281088K, 0% used [0x00000000d5580000,0x00000000d5580000,0x00000000e6800000)
  from space 18432K, 92% used [0x00000000e8100000,0x00000000e91b0410,0x00000000e9300000)
  to   space 22016K, 0% used [0x00000000e6800000,0x00000000e6800000,0x00000000e7d80000)
 ParOldGen       total 92672K, used 38500K [0x0000000080000000, 0x0000000085a80000, 0x00000000d5580000)
  object space 92672K, 41% used [0x0000000080000000,0x0000000082599230,0x0000000085a80000)
 Metaspace       used 63854K, capacity 66950K, committed 67224K, reserved 1107968K
  class space    used 8800K, capacity 9368K, committed 9392K, reserved 1048576K
}
Event: 518.168 GC heap before
{Heap before GC invocations=16 (full 3):
 PSYoungGen      total 299520K, used 298177K [0x00000000d5580000, 0x00000000e9300000, 0x0000000100000000)
  eden space 281088K, 100% used [0x00000000d5580000,0x00000000e6800000,0x00000000e6800000)
  from space 18432K, 92% used [0x00000000e8100000,0x00000000e91b0410,0x00000000e9300000)
  to   space 22016K, 0% used [0x00000000e6800000,0x00000000e6800000,0x00000000e7d80000)
 ParOldGen       total 92672K, used 38500K [0x0000000080000000, 0x0000000085a80000, 0x00000000d5580000)
  object space 92672K, 41% used [0x0000000080000000,0x0000000082599230,0x0000000085a80000)
 Metaspace       used 79658K, capacity 83444K, committed 83608K, reserved 1122304K
  class space    used 10724K, capacity 11430K, committed 11440K, reserved 1048576K
Event: 518.272 GC heap after
Heap after GC invocations=16 (full 3):
 PSYoungGen      total 303104K, used 22002K [0x00000000d5580000, 0x00000000f1700000, 0x0000000100000000)
  eden space 281088K, 0% used [0x00000000d5580000,0x00000000d5580000,0x00000000e6800000)
  from space 22016K, 99% used [0x00000000e6800000,0x00000000e7d7caf0,0x00000000e7d80000)
  to   space 30720K, 0% used [0x00000000ef900000,0x00000000ef900000,0x00000000f1700000)
 ParOldGen       total 92672K, used 52162K [0x0000000080000000, 0x0000000085a80000, 0x00000000d5580000)
  object space 92672K, 56% used [0x0000000080000000,0x00000000832f0b20,0x0000000085a80000)
 Metaspace       used 79658K, capacity 83444K, committed 83608K, reserved 1122304K
  class space    used 10724K, capacity 11430K, committed 11440K, reserved 1048576K
}

Deoptimization events (10 events):
Event: 521.197 Thread 0x0000000020497000 Uncommon trap: reason=class_check action=maybe_recompile pc=0x000000000363796c method=com.android.tools.r8.graph.x.collectMixedSectionItems(Lcom/android/tools/r8/dex/F;)V @ 4
Event: 521.197 Thread 0x0000000020497000 Uncommon trap: reason=class_check action=maybe_recompile pc=0x000000000303932c method=com.android.tools.r8.graph.x.collectMixedSectionItems(Lcom/android/tools/r8/dex/F;)V @ 4
Event: 521.197 Thread 0x0000000020497000 Uncommon trap: reason=class_check action=maybe_recompile pc=0x000000000303932c method=com.android.tools.r8.graph.x.collectMixedSectionItems(Lcom/android/tools/r8/dex/F;)V @ 4
Event: 521.197 Thread 0x0000000020497000 Uncommon trap: reason=class_check action=maybe_recompile pc=0x000000000303932c method=com.android.tools.r8.graph.x.collectMixedSectionItems(Lcom/android/tools/r8/dex/F;)V @ 4
Event: 521.197 Thread 0x0000000020497000 Uncommon trap: reason=class_check action=maybe_recompile pc=0x000000000363796c method=com.android.tools.r8.graph.x.collectMixedSectionItems(Lcom/android/tools/r8/dex/F;)V @ 4
Event: 521.203 Thread 0x0000000020497000 Uncommon trap: reason=unstable_if action=reinterpret pc=0x0000000003a7f3c0 method=com.android.tools.r8.t.a.a.a.h.V0.a(Ljava/lang/Object;I)I @ 229
Event: 521.277 Thread 0x0000000020497000 Uncommon trap: reason=unstable_if action=reinterpret pc=0x0000000003f9b0c0 method=com.android.tools.r8.q.a.a.b.O0.hasNext()Z @ 52
Event: 521.569 Thread 0x000000001a2fa000 Uncommon trap: reason=speculate_class_check action=maybe_recompile pc=0x000000000354085c method=com.google.common.collect.CompactHashMap$Itr.<init>(Lcom/google/common/collect/CompactHashMap;)V @ 25
Event: 522.215 Thread 0x000000001a2fa000 Uncommon trap: reason=unstable_if action=reinterpret pc=0x000000000426516c method=java.lang.String.lastIndexOf([CII[CIII)I @ 17
Event: 522.610 Thread 0x000000001a2fa000 Uncommon trap: reason=unstable_if action=reinterpret pc=0x000000000331ea7c method=java.lang.CharacterDataLatin1.isJavaIdentifierPart(I)Z @ 11

Classes redefined (0 events):
No events

Internal exceptions (10 events):
Event: 518.450 Thread 0x000000001a384000 Exception <a 'java/lang/NoSuchMethodError': java.lang.Object.b(Lcom/android/tools/r8/graph/p1$b;)Lcom/android/tools/r8/graph/p1$b;> (0x00000000d5805dd8) thrown at [C:\src\AOSP-openjdk-git\hotspot\src\share\vm\interpreter\linkResolver.cpp, line 620]
Event: 519.185 Thread 0x000000001a384000 Exception <a 'sun/nio/fs/WindowsException'> (0x00000000d5c107d8) thrown at [C:\src\AOSP-openjdk-git\hotspot\src\share\vm\prims\jni.cpp, line 710]
Event: 519.215 Thread 0x000000001a2fa000 Implicit null exception at 0x00000000041e4943 to 0x00000000041e4db1
Event: 519.413 Thread 0x000000001a2fa000 Exception <a 'java/lang/NoSuchMethodError': <clinit>> (0x00000000d5d73618) thrown at [C:\src\AOSP-openjdk-git\hotspot\src\share\vm\prims\jni.cpp, line 1615]
Event: 519.416 Thread 0x000000001a2fa000 Exception <a 'java/lang/NoSuchMethodError': <clinit>> (0x00000000d5e26988) thrown at [C:\src\AOSP-openjdk-git\hotspot\src\share\vm\prims\jni.cpp, line 1615]
Event: 520.122 Thread 0x0000000020498000 Exception <a 'sun/nio/fs/WindowsException'> (0x00000000d671f0f8) thrown at [C:\src\AOSP-openjdk-git\hotspot\src\share\vm\prims\jni.cpp, line 710]
Event: 520.744 Thread 0x000000002049e000 Implicit null exception at 0x0000000003843eef to 0x0000000003843fe1
Event: 521.277 Thread 0x0000000020497000 Implicit null exception at 0x0000000003f9a57c to 0x0000000003f9b0b1
Event: 521.469 Thread 0x0000000020497000 Exception <a 'sun/nio/fs/WindowsException'> (0x00000000d7dea810) thrown at [C:\src\AOSP-openjdk-git\hotspot\src\share\vm\prims\jni.cpp, line 710]
Event: 521.505 Thread 0x000000002049c000 Exception <a 'java/lang/InterruptedException'> (0x00000000d7608910) thrown at [C:\src\AOSP-openjdk-git\hotspot\src\share\vm\runtime\objectMonitor.cpp, line 1491]

Events (10 events):
Event: 523.251 loading class kotlin/reflect/jvm/internal/UtilKt
Event: 523.251 loading class kotlin/reflect/jvm/internal/UtilKt done
Event: 523.256 loading class kotlin/reflect/jvm/internal/impl/resolve/scopes/InnerClassesScopeWrapper
Event: 523.256 loading class kotlin/reflect/jvm/internal/impl/resolve/scopes/InnerClassesScopeWrapper done
Event: 523.353 loading class com/android/build/gradle/internal/scope/InternalArtifactType$ASSET_PACK_MANIFESTS
Event: 523.353 loading class com/android/build/gradle/internal/scope/InternalArtifactType$ASSET_PACK_MANIFESTS done
Event: 523.428 loading class com/android/build/gradle/internal/scope/InternalArtifactType$LINKED_RES_FOR_ASSET_PACK
Event: 523.428 loading class com/android/build/gradle/internal/scope/InternalArtifactType$LINKED_RES_FOR_ASSET_PACK done
Event: 523.434 loading class com/android/build/gradle/internal/scope/InternalArtifactType$ML_SOURCE_OUT
Event: 523.434 loading class com/android/build/gradle/internal/scope/InternalArtifactType$ML_SOURCE_OUT done


Dynamic libraries:
0x00007ff6fbe20000 - 0x00007ff6fbe51000 	C:\Program Files\Android\Android Studio\jre\bin\java.exe
0x00007ffccc120000 - 0x00007ffccc310000 	C:\WINDOWS\SYSTEM32\ntdll.dll
0x00007ffccbfa0000 - 0x00007ffccc052000 	C:\WINDOWS\System32\KERNEL32.DLL
0x00007ffcc9260000 - 0x00007ffcc9505000 	C:\WINDOWS\System32\KERNELBASE.dll
0x00007ffcca590000 - 0x00007ffcca633000 	C:\WINDOWS\System32\ADVAPI32.dll
0x00007ffcca2a0000 - 0x00007ffcca33e000 	C:\WINDOWS\System32\msvcrt.dll
0x00007ffccae50000 - 0x00007ffccaee7000 	C:\WINDOWS\System32\sechost.dll
0x00007ffccb090000 - 0x00007ffccb1af000 	C:\WINDOWS\System32\RPCRT4.dll
0x00007ffccbdf0000 - 0x00007ffccbf84000 	C:\WINDOWS\System32\USER32.dll
0x00007ffcc9720000 - 0x00007ffcc9741000 	C:\WINDOWS\System32\win32u.dll
0x00007ffccaab0000 - 0x00007ffccaad6000 	C:\WINDOWS\System32\GDI32.dll
0x00007ffcc90c0000 - 0x00007ffcc9258000 	C:\WINDOWS\System32\gdi32full.dll
0x00007ffcc9750000 - 0x00007ffcc97ee000 	C:\WINDOWS\System32\msvcp_win.dll
0x00007ffcca020000 - 0x00007ffcca11a000 	C:\WINDOWS\System32\ucrtbase.dll
0x00007ffcbc8b0000 - 0x00007ffcbcb34000 	C:\WINDOWS\WinSxS\amd64_microsoft.windows.common-controls_6595b64144ccf1df_6.0.18362.1379_none_9e7ff3b3e45cc0c4\COMCTL32.dll
0x00007ffccb1b0000 - 0x00007ffccb4e7000 	C:\WINDOWS\System32\combase.dll
0x00007ffcc9690000 - 0x00007ffcc9711000 	C:\WINDOWS\System32\bcryptPrimitives.dll
0x00007ffccbdc0000 - 0x00007ffccbdee000 	C:\WINDOWS\System32\IMM32.DLL
0x000000005dc90000 - 0x000000005dd62000 	C:\Program Files\Android\Android Studio\jre\jre\bin\msvcr100.dll
0x000000005e7d0000 - 0x000000005f01b000 	C:\Program Files\Android\Android Studio\jre\jre\bin\server\jvm.dll
0x00007ffccadd0000 - 0x00007ffccadd8000 	C:\WINDOWS\System32\PSAPI.DLL
0x00007ffcb8f00000 - 0x00007ffcb8f09000 	C:\WINDOWS\SYSTEM32\WSOCK32.dll
0x00007ffcca450000 - 0x00007ffcca4bf000 	C:\WINDOWS\System32\WS2_32.dll
0x00007ffcc2320000 - 0x00007ffcc232a000 	C:\WINDOWS\SYSTEM32\VERSION.dll
0x00007ffcc66c0000 - 0x00007ffcc66e4000 	C:\WINDOWS\SYSTEM32\WINMM.dll
0x00007ffcc6660000 - 0x00007ffcc668d000 	C:\WINDOWS\SYSTEM32\WINMMBASE.dll
0x00007ffcca180000 - 0x00007ffcca1ca000 	C:\WINDOWS\System32\cfgmgr32.dll
0x00007ffcc1b20000 - 0x00007ffcc1b2f000 	C:\Program Files\Android\Android Studio\jre\jre\bin\verify.dll
0x00007ffc96c80000 - 0x00007ffc96ca9000 	C:\Program Files\Android\Android Studio\jre\jre\bin\java.dll
0x00007ffc96c60000 - 0x00007ffc96c76000 	C:\Program Files\Android\Android Studio\jre\jre\bin\zip.dll
0x00007ffccb4f0000 - 0x00007ffccbbd8000 	C:\WINDOWS\System32\SHELL32.dll
0x00007ffcca340000 - 0x00007ffcca3e7000 	C:\WINDOWS\System32\shcore.dll
0x00007ffcc98a0000 - 0x00007ffcca01b000 	C:\WINDOWS\System32\windows.storage.dll
0x00007ffcc9070000 - 0x00007ffcc9093000 	C:\WINDOWS\System32\profapi.dll
0x00007ffcc8fe0000 - 0x00007ffcc902a000 	C:\WINDOWS\System32\powrprof.dll
0x00007ffcc8fd0000 - 0x00007ffcc8fe0000 	C:\WINDOWS\System32\UMPDC.dll
0x00007ffccadf0000 - 0x00007ffccae42000 	C:\WINDOWS\System32\shlwapi.dll
0x00007ffcc9050000 - 0x00007ffcc9061000 	C:\WINDOWS\System32\kernel.appcore.dll
0x00007ffcc90a0000 - 0x00007ffcc90b7000 	C:\WINDOWS\System32\cryptsp.dll
0x00007ffc5ee20000 - 0x00007ffc5ee3a000 	C:\Program Files\Android\Android Studio\jre\jre\bin\net.dll
0x00007ffcc87b0000 - 0x00007ffcc8817000 	C:\WINDOWS\system32\mswsock.dll
0x00007ffc5ee00000 - 0x00007ffc5ee13000 	C:\Program Files\Android\Android Studio\jre\jre\bin\nio.dll
0x00007ffc5cdb0000 - 0x00007ffc5cdd7000 	C:\Users\tamang\.gradle\native\f6784746aeab05261644944871eae4fe03e0ef1612fff0a4a95f87b438bc6780\windows-amd64\native-platform.dll
0x00007ffcb7e30000 - 0x00007ffcb7e3d000 	C:\Program Files\Android\Android Studio\jre\jre\bin\management.dll
0x00007ffcc8330000 - 0x00007ffcc8363000 	C:\WINDOWS\system32\rsaenh.dll
0x00007ffcc9660000 - 0x00007ffcc9686000 	C:\WINDOWS\System32\bcrypt.dll
0x00007ffcc8ef0000 - 0x00007ffcc8f15000 	C:\WINDOWS\SYSTEM32\USERENV.dll
0x00007ffcc8980000 - 0x00007ffcc898c000 	C:\WINDOWS\SYSTEM32\CRYPTBASE.dll
0x00007ffcc84c0000 - 0x00007ffcc84fa000 	C:\WINDOWS\SYSTEM32\IPHLPAPI.DLL
0x00007ffccbf90000 - 0x00007ffccbf98000 	C:\WINDOWS\System32\NSI.dll
0x00007ffcc2b50000 - 0x00007ffcc2b66000 	C:\WINDOWS\SYSTEM32\dhcpcsvc6.DLL
0x00007ffcc2ce0000 - 0x00007ffcc2cfc000 	C:\WINDOWS\SYSTEM32\dhcpcsvc.DLL
0x00007ffcc8510000 - 0x00007ffcc85db000 	C:\WINDOWS\SYSTEM32\DNSAPI.dll
0x00007ffcc2e00000 - 0x00007ffcc2e0b000 	C:\WINDOWS\SYSTEM32\WINNSI.DLL

VM Arguments:
jvm_args: -Xmx2048m -Dfile.encoding=UTF-8 -Duser.country=US -Duser.language=en -Duser.variant 
java_command: org.gradle.launcher.daemon.bootstrap.GradleDaemon 6.5
java_class_path (initial): C:\Users\tamang\.gradle\wrapper\dists\gradle-6.5-bin\6nifqtx7604sqp1q6g8wikw7p\gradle-6.5\lib\gradle-launcher-6.5.jar
Launcher Type: SUN_STANDARD

Environment Variables:
PATH=C:\Program Files (x86)\Intel\iCLS Client\;C:\Program Files\Intel\iCLS Client\;C:\WINDOWS\system32;C:\WINDOWS;C:\WINDOWS\System32\Wbem;C:\WINDOWS\System32\WindowsPowerShell\v1.0\;C:\Program Files (x86)\Intel\Intel(R) Management Engine Components\DAL;C:\Program Files\Intel\Intel(R) Management Engine Components\DAL;C:\Program Files (x86)\Intel\Intel(R) Management Engine Components\IPT;C:\Program Files\Intel\Intel(R) Management Engine Components\IPT;C:\Program Files\Intel\WiFi\bin\;C:\Program Files\Common Files\Intel\WirelessCommon\;C:\WINDOWS\System32\OpenSSH\;C:\Users\tamang\AppData\Local\Microsoft\WindowsApps;
USERNAME=tamang
OS=Windows_NT
PROCESSOR_IDENTIFIER=Intel64 Family 6 Model 142 Stepping 9, GenuineIntel



---------------  S Y S T E M  ---------------

OS: Windows 10.0 , 64 bit Build 18362 (10.0.18362.1350)

CPU:total 4 (initial active 4) (2 cores per cpu, 2 threads per core) family 6 model 142 stepping 9, cmov, cx8, fxsr, mmx, sse, sse2, sse3, ssse3, sse4.1, sse4.2, popcnt, avx, avx2, aes, clmul, erms, 3dnowpref, lzcnt, ht, tsc, tscinvbit, bmi1, bmi2, adx

Memory: 4k page, physical 8284812k(464072k free), swap 13527692k(38136k free)

vm_info: OpenJDK 64-Bit Server VM (25.242-b01) for windows-amd64 JRE (1.8.0_242-release-1644-b01), built by "builder" with MS VC++ 10.0 (VS2010)

time: Tue Mar 16 15:37:49 2021
timezone: India Standard Time
elapsed time: 523 seconds (0d 0h 8m 43s)

