#
# There is insufficient memory for the Java Runtime Environment to continue.
# Native memory allocation (malloc) failed to allocate 32744 bytes for ChunkPool::allocate
# Possible reasons:
#   The system is out of physical RAM or swap space
#   The process is running with CompressedOops enabled, and the Java Heap may be blocking the growth of the native heap
# Possible solutions:
#   Reduce memory load on the system
#   Increase physical memory or swap space
#   Check if swap backing store is full
#   Decrease Java heap size (-Xmx/-Xms)
#   Decrease number of Java threads
#   Decrease Java thread stack sizes (-Xss)
#   Set larger code cache with -XX:ReservedCodeCacheSize=
#   JVM is running with Unscaled Compressed Oops mode in which the Java heap is
#     placed in the first 4GB address space. The Java Heap base address is the
#     maximum limit for the native heap growth. Please use -XX:HeapBaseMinAddress
#     to set the Java Heap base and to place the Java Heap above 4GB virtual address.
# This output file may be truncated or incomplete.
#
#  Out of Memory Error (allocation.cpp:272), pid=10656, tid=0x0000000000001a14
#
# JRE version: OpenJDK Runtime Environment (8.0_242-b01) (build 1.8.0_242-release-1644-b01)
# Java VM: OpenJDK 64-Bit Server VM (25.242-b01 mixed mode windows-amd64 compressed oops)
# Failed to write core dump. Minidumps are not enabled by default on client versions of Windows
#

---------------  T H R E A D  ---------------

Current thread (0x0000000017c62800):  JavaThread "C2 CompilerThread0" daemon [_thread_in_native, id=6676, stack(0x00000000192b0000,0x00000000193b0000)]

Stack: [0x00000000192b0000,0x00000000193b0000]
[error occurred during error reporting (printing stack bounds), id 0xc0000005]

Native frames: (J=compiled Java code, j=interpreted, Vv=VM code, C=native code)


Current CompileTask:
C2: 657951 9507       4       java.net.URI::access$300 (7 bytes)


---------------  P R O C E S S  ---------------

Java Threads: ( => current thread )
  0x000000001a179800 JavaThread "Cache worker for cache directory md-rule (C:\Users\tamang\.gradle\caches\6.5\md-rule)" [_thread_blocked, id=10608, stack(0x00000000207b0000,0x00000000208b0000)]
  0x000000001a17c800 JavaThread "Cache worker for cache directory md-supplier (C:\Users\tamang\.gradle\caches\6.5\md-supplier)" [_thread_blocked, id=11304, stack(0x00000000205b0000,0x00000000206b0000)]
  0x000000001a17b800 JavaThread "Cache worker for checksums cache (C:\Users\tamang\AndroidStudioProjects\Esportify\.gradle\checksums)" [_thread_blocked, id=4632, stack(0x00000000204b0000,0x00000000205b0000)]
  0x000000001a180000 JavaThread "Cache worker for file hash cache (C:\Users\tamang\AndroidStudioProjects\Esportify\.gradle\6.5\fileHashes)" [_thread_blocked, id=12068, stack(0x00000000203b0000,0x00000000204b0000)]
  0x000000001a17f800 JavaThread "Thread-239" [_thread_blocked, id=12412, stack(0x000000001eba0000,0x000000001eca0000)]
  0x000000001a178800 JavaThread "Stdin handler" [_thread_blocked, id=4804, stack(0x000000001d6d0000,0x000000001d7d0000)]
  0x000000001a17d000 JavaThread "Asynchronous log dispatcher for DefaultDaemonConnection: socket connection from /127.0.0.1:50823 to /127.0.0.1:51497" [_thread_blocked, id=10952, stack(0x000000001d3d0000,0x000000001d4d0000)]
  0x000000001a17a000 JavaThread "Daemon worker Thread 3" [_thread_in_native, id=1376, stack(0x000000001d2d0000,0x000000001d3d0000)]
  0x000000001a17e800 JavaThread "Cancel handler" [_thread_blocked, id=8304, stack(0x000000001cfd0000,0x000000001d0d0000)]
  0x000000001a17e000 JavaThread "Handler for socket connection from /127.0.0.1:50823 to /127.0.0.1:51497" [_thread_in_native, id=9076, stack(0x000000001ced0000,0x000000001cfd0000)]
  0x000000001a178000 JavaThread "Daemon Thread 3" [_thread_blocked, id=9736, stack(0x00000000011d0000,0x00000000012d0000)]
  0x000000001a182800 JavaThread "Memory manager" [_thread_blocked, id=6176, stack(0x0000000029b20000,0x0000000029c20000)]
  0x000000001dd57800 JavaThread "Cache worker for file content cache (C:\Users\tamang\.gradle\caches\6.5\fileContent)" [_thread_blocked, id=10672, stack(0x0000000021ea0000,0x0000000021fa0000)]
  0x000000001b810000 JavaThread "Cache worker for execution history cache (C:\Users\tamang\.gradle\caches\6.5\executionHistory)" [_thread_blocked, id=8032, stack(0x00000000206b0000,0x00000000207b0000)]
  0x000000001b80b800 JavaThread "Cache worker for file hash cache (C:\Users\tamang\.gradle\caches\6.5\fileHashes)" [_thread_blocked, id=1884, stack(0x000000001ece0000,0x000000001ede0000)]
  0x000000001b810800 JavaThread "File lock request listener" [_thread_in_native, id=10684, stack(0x000000001dad0000,0x000000001dbd0000)]
  0x000000001b80c000 JavaThread "Cache worker for journal cache (C:\Users\tamang\.gradle\caches\journal-1)" [_thread_blocked, id=6404, stack(0x000000001d9d0000,0x000000001dad0000)]
  0x000000001b68c000 JavaThread "Daemon periodic checks" [_thread_blocked, id=9352, stack(0x000000001cdd0000,0x000000001ced0000)]
  0x000000001b680000 JavaThread "Incoming local TCP Connector on port 50823" [_thread_in_native, id=6796, stack(0x000000001cb90000,0x000000001cc90000)]
  0x000000001b5c0000 JavaThread "Daemon health stats" [_thread_blocked, id=4380, stack(0x000000001c550000,0x000000001c650000)]
  0x00000000195db000 JavaThread "Service Thread" daemon [_thread_blocked, id=13812, stack(0x00000000199b0000,0x0000000019ab0000)]
  0x0000000017cad800 JavaThread "C1 CompilerThread2" daemon [_thread_blocked, id=8520, stack(0x00000000194b0000,0x00000000195b0000)]
  0x0000000017c6e800 JavaThread "C2 CompilerThread1" daemon [_thread_blocked, id=6216, stack(0x00000000193b0000,0x00000000194b0000)]
=>0x0000000017c62800 JavaThread "C2 CompilerThread0" daemon [_thread_in_native, id=6676, stack(0x00000000192b0000,0x00000000193b0000)]
  0x0000000017c61000 JavaThread "Attach Listener" daemon [_thread_blocked, id=10732, stack(0x00000000191b0000,0x00000000192b0000)]
  0x0000000017c66000 JavaThread "Signal Dispatcher" daemon [_thread_blocked, id=8108, stack(0x00000000190b0000,0x00000000191b0000)]
  0x000000000300c000 JavaThread "Finalizer" daemon [_thread_blocked, id=13172, stack(0x0000000018eb0000,0x0000000018fb0000)]
  0x0000000017c49000 JavaThread "Reference Handler" daemon [_thread_blocked, id=11180, stack(0x0000000018db0000,0x0000000018eb0000)]
  0x0000000002eed800 JavaThread "main" [_thread_blocked, id=6692, stack(0x0000000002dc0000,0x0000000002ec0000)]

Other Threads:
  0x0000000017c26000 VMThread [stack: 0x0000000018cb0000,0x0000000018db0000] [id=10308]
  0x00000000195dc000 WatcherThread [stack: 0x0000000019ab0000,0x0000000019bb0000] [id=8936]

VM state:not at safepoint (normal execution)

VM Mutex/Monitor currently owned by a thread: None

heap address: 0x0000000080000000, size: 2048 MB, Compressed Oops mode: 32-bit
Narrow klass base: 0x0000000000000000, Narrow klass shift: 3
Compressed class space size: 1073741824 Address: 0x0000000100000000

Heap:
 PSYoungGen      total 377344K, used 74959K [0x00000000d5580000, 0x00000000f6280000, 0x0000000100000000)
  eden space 354304K, 14% used [0x00000000d5580000,0x00000000d883a828,0x00000000eaf80000)
  from space 23040K, 99% used [0x00000000eaf80000,0x00000000ec5f97a0,0x00000000ec600000)
  to   space 27136K, 0% used [0x00000000f4800000,0x00000000f4800000,0x00000000f6280000)
 ParOldGen       total 97280K, used 38259K [0x0000000080000000, 0x0000000085f00000, 0x00000000d5580000)
  object space 97280K, 39% used [0x0000000080000000,0x000000008255cd50,0x0000000085f00000)
 Metaspace       used 67976K, capacity 71130K, committed 71320K, reserved 1112064K
  class space    used 9042K, capacity 9636K, committed 9648K, reserved 1048576K

Card table byte_map: [0x00000000123d0000,0x00000000127e0000] byte_map_base: 0x0000000011fd0000

Marking Bits: (ParMarkBitMap*) 0x000000007610f030
 Begin Bits: [0x0000000012e90000, 0x0000000014e90000)
 End Bits:   [0x0000000014e90000, 0x0000000016e90000)

Polling page: 0x0000000001760000

CodeCache: size=245760Kb used=26238Kb max_used=26250Kb free=219521Kb
 bounds [0x0000000003010000, 0x00000000049e0000, 0x0000000012010000]
 total_blobs=9020 nmethods=8235 adapters=697
 compilation: enabled

Compilation events (10 events):
Event: 657.920 Thread 0x0000000017cad800 nmethod 9504 0x00000000049cce50 code [0x00000000049ccfa0, 0x00000000049cd090]
Event: 657.921 Thread 0x0000000017cad800 9510       3       java.lang.ProcessEnvironment$CheckedEntrySet$1::hasNext (10 bytes)
Event: 657.921 Thread 0x0000000017cad800 nmethod 9510 0x00000000049d0390 code [0x00000000049d0500, 0x00000000049d0728]
Event: 657.921 Thread 0x0000000017cad800 9511       3       java.lang.ProcessEnvironment$CheckedEntrySet$1::next (5 bytes)
Event: 657.921 Thread 0x0000000017c6e800 nmethod 9505 0x00000000049d07d0 code [0x00000000049d0980, 0x00000000049d0fb0]
Event: 657.921 Thread 0x0000000017cad800 nmethod 9511 0x00000000049cfb50 code [0x00000000049cfce0, 0x00000000049d01a8]
Event: 657.921 Thread 0x0000000017c6e800 9508       4       org.gradle.internal.service.DefaultServiceRegistry::isSatisfiedBy (44 bytes)
Event: 657.926 Thread 0x0000000017c6e800 nmethod 9508 0x00000000049cd910 code [0x00000000049cdac0, 0x00000000049ce058]
Event: 657.926 Thread 0x0000000017c6e800 9509   !   4       org.gradle.internal.service.DefaultServiceRegistry$SingletonService::prepare (111 bytes)
Event: 657.928 Thread 0x0000000017c6e800 nmethod 9509 0x00000000049cd2d0 code [0x00000000049cd420, 0x00000000049cd7b8]

GC Heap History (10 events):
Event: 9.935 GC heap before
{Heap before GC invocations=10 (full 2):
 PSYoungGen      total 261120K, used 7936K [0x00000000d5580000, 0x00000000e6500000, 0x0000000100000000)
  eden space 249344K, 0% used [0x00000000d5580000,0x00000000d5580000,0x00000000e4900000)
  from space 11776K, 67% used [0x00000000e5980000,0x00000000e61403d8,0x00000000e6500000)
  to   space 14336K, 0% used [0x00000000e4900000,0x00000000e4900000,0x00000000e5700000)
 ParOldGen       total 49664K, used 9262K [0x0000000080000000, 0x0000000083080000, 0x00000000d5580000)
  object space 49664K, 18% used [0x0000000080000000,0x000000008090b8b0,0x0000000083080000)
 Metaspace       used 34305K, capacity 35406K, committed 35496K, reserved 1079296K
  class space    used 4720K, capacity 5002K, committed 5040K, reserved 1048576K
Event: 10.039 GC heap after
Heap after GC invocations=10 (full 2):
 PSYoungGen      total 261120K, used 0K [0x00000000d5580000, 0x00000000e6500000, 0x0000000100000000)
  eden space 249344K, 0% used [0x00000000d5580000,0x00000000d5580000,0x00000000e4900000)
  from space 11776K, 0% used [0x00000000e5980000,0x00000000e5980000,0x00000000e6500000)
  to   space 14336K, 0% used [0x00000000e4900000,0x00000000e4900000,0x00000000e5700000)
 ParOldGen       total 65024K, used 14306K [0x0000000080000000, 0x0000000083f80000, 0x00000000d5580000)
  object space 65024K, 22% used [0x0000000080000000,0x0000000080df89c8,0x0000000083f80000)
 Metaspace       used 34305K, capacity 35406K, committed 35496K, reserved 1079296K
  class space    used 4720K, capacity 5002K, committed 5040K, reserved 1048576K
}
Event: 18.083 GC heap before
{Heap before GC invocations=11 (full 2):
 PSYoungGen      total 261120K, used 249344K [0x00000000d5580000, 0x00000000e6500000, 0x0000000100000000)
  eden space 249344K, 100% used [0x00000000d5580000,0x00000000e4900000,0x00000000e4900000)
  from space 11776K, 0% used [0x00000000e5980000,0x00000000e5980000,0x00000000e6500000)
  to   space 14336K, 0% used [0x00000000e4900000,0x00000000e4900000,0x00000000e5700000)
 ParOldGen       total 65024K, used 14306K [0x0000000080000000, 0x0000000083f80000, 0x00000000d5580000)
  object space 65024K, 22% used [0x0000000080000000,0x0000000080df89c8,0x0000000083f80000)
 Metaspace       used 46814K, capacity 48560K, committed 48808K, reserved 1091584K
  class space    used 6333K, capacity 6712K, committed 6832K, reserved 1048576K
Event: 18.123 GC heap after
Heap after GC invocations=11 (full 2):
 PSYoungGen      total 263680K, used 14306K [0x00000000d5580000, 0x00000000eda00000, 0x0000000100000000)
  eden space 249344K, 0% used [0x00000000d5580000,0x00000000d5580000,0x00000000e4900000)
  from space 14336K, 99% used [0x00000000e4900000,0x00000000e56f8b68,0x00000000e5700000)
  to   space 18432K, 0% used [0x00000000ec800000,0x00000000ec800000,0x00000000eda00000)
 ParOldGen       total 65024K, used 18568K [0x0000000080000000, 0x0000000083f80000, 0x00000000d5580000)
  object space 65024K, 28% used [0x0000000080000000,0x0000000081222090,0x0000000083f80000)
 Metaspace       used 46814K, capacity 48560K, committed 48808K, reserved 1091584K
  class space    used 6333K, capacity 6712K, committed 6832K, reserved 1048576K
}
Event: 21.834 GC heap before
{Heap before GC invocations=12 (full 2):
 PSYoungGen      total 263680K, used 131923K [0x00000000d5580000, 0x00000000eda00000, 0x0000000100000000)
  eden space 249344K, 47% used [0x00000000d5580000,0x00000000dc85c218,0x00000000e4900000)
  from space 14336K, 99% used [0x00000000e4900000,0x00000000e56f8b68,0x00000000e5700000)
  to   space 18432K, 0% used [0x00000000ec800000,0x00000000ec800000,0x00000000eda00000)
 ParOldGen       total 65024K, used 18568K [0x0000000080000000, 0x0000000083f80000, 0x00000000d5580000)
  object space 65024K, 28% used [0x0000000080000000,0x0000000081222090,0x0000000083f80000)
 Metaspace       used 56625K, capacity 58966K, committed 59160K, reserved 1099776K
  class space    used 7755K, capacity 8228K, committed 8240K, reserved 1048576K
Event: 21.882 GC heap after
Heap after GC invocations=12 (full 2):
 PSYoungGen      total 372736K, used 18421K [0x00000000d5580000, 0x00000000edc80000, 0x0000000100000000)
  eden space 354304K, 0% used [0x00000000d5580000,0x00000000d5580000,0x00000000eaf80000)
  from space 18432K, 99% used [0x00000000ec800000,0x00000000ed9fd6a8,0x00000000eda00000)
  to   space 23040K, 0% used [0x00000000eaf80000,0x00000000eaf80000,0x00000000ec600000)
 ParOldGen       total 65024K, used 23749K [0x0000000080000000, 0x0000000083f80000, 0x00000000d5580000)
  object space 65024K, 36% used [0x0000000080000000,0x0000000081731408,0x0000000083f80000)
 Metaspace       used 56625K, capacity 58966K, committed 59160K, reserved 1099776K
  class space    used 7755K, capacity 8228K, committed 8240K, reserved 1048576K
}
Event: 21.882 GC heap before
{Heap before GC invocations=13 (full 3):
 PSYoungGen      total 372736K, used 18421K [0x00000000d5580000, 0x00000000edc80000, 0x0000000100000000)
  eden space 354304K, 0% used [0x00000000d5580000,0x00000000d5580000,0x00000000eaf80000)
  from space 18432K, 99% used [0x00000000ec800000,0x00000000ed9fd6a8,0x00000000eda00000)
  to   space 23040K, 0% used [0x00000000eaf80000,0x00000000eaf80000,0x00000000ec600000)
 ParOldGen       total 65024K, used 23749K [0x0000000080000000, 0x0000000083f80000, 0x00000000d5580000)
  object space 65024K, 36% used [0x0000000080000000,0x0000000081731408,0x0000000083f80000)
 Metaspace       used 56625K, capacity 58966K, committed 59160K, reserved 1099776K
  class space    used 7755K, capacity 8228K, committed 8240K, reserved 1048576K
Event: 22.250 GC heap after
Heap after GC invocations=13 (full 3):
 PSYoungGen      total 372736K, used 0K [0x00000000d5580000, 0x00000000edc80000, 0x0000000100000000)
  eden space 354304K, 0% used [0x00000000d5580000,0x00000000d5580000,0x00000000eaf80000)
  from space 18432K, 0% used [0x00000000ec800000,0x00000000ec800000,0x00000000eda00000)
  to   space 23040K, 0% used [0x00000000eaf80000,0x00000000eaf80000,0x00000000ec600000)
 ParOldGen       total 97280K, used 35535K [0x0000000080000000, 0x0000000085f00000, 0x00000000d5580000)
  object space 97280K, 36% used [0x0000000080000000,0x00000000822b3e38,0x0000000085f00000)
 Metaspace       used 56617K, capacity 58936K, committed 59160K, reserved 1099776K
  class space    used 7752K, capacity 8223K, committed 8240K, reserved 1048576K
}
Event: 484.968 GC heap before
{Heap before GC invocations=14 (full 3):
 PSYoungGen      total 372736K, used 354304K [0x00000000d5580000, 0x00000000edc80000, 0x0000000100000000)
  eden space 354304K, 100% used [0x00000000d5580000,0x00000000eaf80000,0x00000000eaf80000)
  from space 18432K, 0% used [0x00000000ec800000,0x00000000ec800000,0x00000000eda00000)
  to   space 23040K, 0% used [0x00000000eaf80000,0x00000000eaf80000,0x00000000ec600000)
 ParOldGen       total 97280K, used 35535K [0x0000000080000000, 0x0000000085f00000, 0x00000000d5580000)
  object space 97280K, 36% used [0x0000000080000000,0x00000000822b3e38,0x0000000085f00000)
 Metaspace       used 67871K, capacity 70982K, committed 71064K, reserved 1110016K
  class space    used 9039K, capacity 9634K, committed 9648K, reserved 1048576K
Event: 485.010 GC heap after
Heap after GC invocations=14 (full 3):
 PSYoungGen      total 377344K, used 23013K [0x00000000d5580000, 0x00000000f6280000, 0x0000000100000000)
  eden space 354304K, 0% used [0x00000000d5580000,0x00000000d5580000,0x00000000eaf80000)
  from space 23040K, 99% used [0x00000000eaf80000,0x00000000ec5f97a0,0x00000000ec600000)
  to   space 27136K, 0% used [0x00000000f4800000,0x00000000f4800000,0x00000000f6280000)
 ParOldGen       total 97280K, used 38259K [0x0000000080000000, 0x0000000085f00000, 0x00000000d5580000)
  object space 97280K, 39% used [0x0000000080000000,0x000000008255cd50,0x0000000085f00000)
 Metaspace       used 67871K, capacity 70982K, committed 71064K, reserved 1110016K
  class space    used 9039K, capacity 9634K, committed 9648K, reserved 1048576K
}

Deoptimization events (10 events):
Event: 485.021 Thread 0x000000001a186000 Uncommon trap: reason=unstable_if action=reinterpret pc=0x00000000042eb7c8 method=com.google.common.collect.MapMakerInternalMap$Segment.put(Ljava/lang/Object;ILjava/lang/Object;Z)Ljava/lang/Object; @ 92
Event: 485.156 Thread 0x000000001a17a000 Uncommon trap: reason=unstable_if action=reinterpret pc=0x00000000048b2804 method=java.util.concurrent.locks.LockSupport.unpark(Ljava/lang/Thread;)V @ 1
Event: 485.222 Thread 0x000000001a186000 Uncommon trap: reason=unstable_if action=reinterpret pc=0x0000000003fe8090 method=java.util.concurrent.ConcurrentLinkedQueue.offer(Ljava/lang/Object;)Z @ 40
Event: 485.623 Thread 0x0000000020a20800 Uncommon trap: reason=unstable_if action=reinterpret pc=0x00000000046adf2c method=java.util.concurrent.SynchronousQueue$TransferStack.awaitFulfill(Ljava/util/concurrent/SynchronousQueue$TransferStack$SNode;ZJ)Ljava/util/concurrent/SynchronousQueue$Transfe
Event: 485.633 Thread 0x000000001a17b000 Uncommon trap: reason=bimorphic action=maybe_recompile pc=0x0000000003b000d4 method=java.util.HashMap.removeNode(ILjava/lang/Object;Ljava/lang/Object;ZZ)Ljava/util/HashMap$Node; @ 68
Event: 485.662 Thread 0x000000001a17b000 Uncommon trap: reason=bimorphic action=maybe_recompile pc=0x0000000003b000d4 method=java.util.HashMap.removeNode(ILjava/lang/Object;Ljava/lang/Object;ZZ)Ljava/util/HashMap$Node; @ 68
Event: 485.784 Thread 0x000000001a17a000 Uncommon trap: reason=unstable_if action=reinterpret pc=0x00000000044d8318 method=java.util.concurrent.locks.AbstractQueuedSynchronizer.acquireQueued(Ljava/util/concurrent/locks/AbstractQueuedSynchronizer$Node;I)Z @ 70
Event: 485.784 Thread 0x000000001a186000 Uncommon trap: reason=unstable_if action=reinterpret pc=0x00000000044d8318 method=java.util.concurrent.locks.AbstractQueuedSynchronizer.acquireQueued(Ljava/util/concurrent/locks/AbstractQueuedSynchronizer$Node;I)Z @ 70
Event: 485.823 Thread 0x000000001a17e000 Uncommon trap: reason=unstable_if action=reinterpret pc=0x00000000043045ac method=com.esotericsoftware.kryo.io.Input.require(I)I @ 180
Event: 657.887 Thread 0x000000001b680000 Uncommon trap: reason=unstable_if action=reinterpret pc=0x000000000498e0e8 method=java.text.SimpleDateFormat.zeroPaddingNumber(IIILjava/lang/StringBuffer;)V @ 41

Classes redefined (0 events):
No events

Internal exceptions (10 events):
Event: 482.966 Thread 0x000000001a17b000 Exception <a 'sun/nio/fs/WindowsException'> (0x00000000e8182b90) thrown at [C:\src\AOSP-openjdk-git\hotspot\src\share\vm\prims\jni.cpp, line 710]
Event: 485.019 Thread 0x0000000020a1f800 Implicit null exception at 0x000000000430c328 to 0x000000000430d175
Event: 485.062 Thread 0x0000000020a1f800 Exception <a 'sun/nio/fs/WindowsException'> (0x00000000d616dd08) thrown at [C:\src\AOSP-openjdk-git\hotspot\src\share\vm\prims\jni.cpp, line 710]
Event: 485.062 Thread 0x0000000020a1f800 Exception <a 'sun/nio/fs/WindowsException'> (0x00000000d616ea00) thrown at [C:\src\AOSP-openjdk-git\hotspot\src\share\vm\prims\jni.cpp, line 710]
Event: 485.062 Thread 0x0000000020a1f800 Exception <a 'sun/nio/fs/WindowsException'> (0x00000000d61726b8) thrown at [C:\src\AOSP-openjdk-git\hotspot\src\share\vm\prims\jni.cpp, line 710]
Event: 485.062 Thread 0x0000000020a1f800 Exception <a 'sun/nio/fs/WindowsException'> (0x00000000d61733f0) thrown at [C:\src\AOSP-openjdk-git\hotspot\src\share\vm\prims\jni.cpp, line 710]
Event: 485.063 Thread 0x0000000020a1f800 Exception <a 'sun/nio/fs/WindowsException'> (0x00000000d6175298) thrown at [C:\src\AOSP-openjdk-git\hotspot\src\share\vm\prims\jni.cpp, line 710]
Event: 485.063 Thread 0x0000000020a1f800 Exception <a 'sun/nio/fs/WindowsException'> (0x00000000d6175fe0) thrown at [C:\src\AOSP-openjdk-git\hotspot\src\share\vm\prims\jni.cpp, line 710]
Event: 485.185 Thread 0x0000000020a1f000 Exception <a 'sun/nio/fs/WindowsException'> (0x00000000d6a149f0) thrown at [C:\src\AOSP-openjdk-git\hotspot\src\share\vm\prims\jni.cpp, line 710]
Event: 485.185 Thread 0x0000000020a1f000 Exception <a 'sun/nio/fs/WindowsException'> (0x00000000d6a15718) thrown at [C:\src\AOSP-openjdk-git\hotspot\src\share\vm\prims\jni.cpp, line 710]

Events (10 events):
Event: 657.891 Executing VM operation: RevokeBias done
Event: 657.901 Thread 0x000000001a17e800 Thread added: 0x000000001a17e800
Event: 657.905 Thread 0x000000001a17a000 Thread added: 0x000000001a17a000
Event: 657.909 Thread 0x000000001a17d000 Thread added: 0x000000001a17d000
Event: 657.910 Thread 0x000000001a178800 Thread added: 0x000000001a178800
Event: 657.910 Thread 0x000000001a17f800 Thread added: 0x000000001a17f800
Event: 657.916 Thread 0x000000001a180000 Thread added: 0x000000001a180000
Event: 657.923 Thread 0x000000001a17b800 Thread added: 0x000000001a17b800
Event: 657.941 Thread 0x000000001a17c800 Thread added: 0x000000001a17c800
Event: 657.943 Thread 0x000000001a179800 Thread added: 0x000000001a179800


Dynamic libraries:
0x00007ff648ea0000 - 0x00007ff648ed1000 	C:\Program Files\Android\Android Studio\jre\bin\java.exe
0x00007ffddce20000 - 0x00007ffddd010000 	C:\WINDOWS\SYSTEM32\ntdll.dll
0x00007ffddc270000 - 0x00007ffddc322000 	C:\WINDOWS\System32\KERNEL32.DLL
0x00007ffdda8f0000 - 0x00007ffddab95000 	C:\WINDOWS\System32\KERNELBASE.dll
0x00007ffddbba0000 - 0x00007ffddbc43000 	C:\WINDOWS\System32\ADVAPI32.dll
0x00007ffddb340000 - 0x00007ffddb3de000 	C:\WINDOWS\System32\msvcrt.dll
0x00007ffddc960000 - 0x00007ffddc9f7000 	C:\WINDOWS\System32\sechost.dll
0x00007ffddc330000 - 0x00007ffddc44f000 	C:\WINDOWS\System32\RPCRT4.dll
0x00007ffddc5b0000 - 0x00007ffddc744000 	C:\WINDOWS\System32\USER32.dll
0x00007ffddae10000 - 0x00007ffddae31000 	C:\WINDOWS\System32\win32u.dll
0x00007ffddcdb0000 - 0x00007ffddcdd6000 	C:\WINDOWS\System32\GDI32.dll
0x00007ffddac00000 - 0x00007ffddad98000 	C:\WINDOWS\System32\gdi32full.dll
0x00007ffdd9ef0000 - 0x00007ffdd9f8e000 	C:\WINDOWS\System32\msvcp_win.dll
0x00007ffdd9f90000 - 0x00007ffdda08a000 	C:\WINDOWS\System32\ucrtbase.dll
0x00007ffdc4290000 - 0x00007ffdc4514000 	C:\WINDOWS\WinSxS\amd64_microsoft.windows.common-controls_6595b64144ccf1df_6.0.18362.1379_none_9e7ff3b3e45cc0c4\COMCTL32.dll
0x00007ffddbc60000 - 0x00007ffddbf97000 	C:\WINDOWS\System32\combase.dll
0x00007ffddae40000 - 0x00007ffddaec1000 	C:\WINDOWS\System32\bcryptPrimitives.dll
0x00007ffddc160000 - 0x00007ffddc18e000 	C:\WINDOWS\System32\IMM32.DLL
0x0000000075860000 - 0x0000000075932000 	C:\Program Files\Android\Android Studio\jre\jre\bin\msvcr100.dll
0x0000000075940000 - 0x000000007618b000 	C:\Program Files\Android\Android Studio\jre\jre\bin\server\jvm.dll
0x00007ffddc150000 - 0x00007ffddc158000 	C:\WINDOWS\System32\PSAPI.DLL
0x00007ffdc1350000 - 0x00007ffdc1359000 	C:\WINDOWS\SYSTEM32\WSOCK32.dll
0x00007ffdd6b20000 - 0x00007ffdd6b44000 	C:\WINDOWS\SYSTEM32\WINMM.dll
0x00007ffddcd40000 - 0x00007ffddcdaf000 	C:\WINDOWS\System32\WS2_32.dll
0x00007ffdd6af0000 - 0x00007ffdd6b1d000 	C:\WINDOWS\SYSTEM32\WINMMBASE.dll
0x00007ffdcb740000 - 0x00007ffdcb74a000 	C:\WINDOWS\SYSTEM32\VERSION.dll
0x00007ffddada0000 - 0x00007ffddadea000 	C:\WINDOWS\System32\cfgmgr32.dll
0x00007ffdd16d0000 - 0x00007ffdd16df000 	C:\Program Files\Android\Android Studio\jre\jre\bin\verify.dll
0x00007ffdc3a50000 - 0x00007ffdc3a79000 	C:\Program Files\Android\Android Studio\jre\jre\bin\java.dll
0x00007ffdb7a00000 - 0x00007ffdb7a16000 	C:\Program Files\Android\Android Studio\jre\jre\bin\zip.dll
0x00007ffddb3e0000 - 0x00007ffddbac8000 	C:\WINDOWS\System32\SHELL32.dll
0x00007ffddbad0000 - 0x00007ffddbb77000 	C:\WINDOWS\System32\shcore.dll
0x00007ffdda140000 - 0x00007ffdda8bb000 	C:\WINDOWS\System32\windows.storage.dll
0x00007ffdd9d70000 - 0x00007ffdd9d93000 	C:\WINDOWS\System32\profapi.dll
0x00007ffdd9d00000 - 0x00007ffdd9d4a000 	C:\WINDOWS\System32\powrprof.dll
0x00007ffdd9cd0000 - 0x00007ffdd9ce0000 	C:\WINDOWS\System32\UMPDC.dll
0x00007ffddc0f0000 - 0x00007ffddc142000 	C:\WINDOWS\System32\shlwapi.dll
0x00007ffdd9ce0000 - 0x00007ffdd9cf1000 	C:\WINDOWS\System32\kernel.appcore.dll
0x00007ffddadf0000 - 0x00007ffddae07000 	C:\WINDOWS\System32\cryptsp.dll
0x00007ffdb03a0000 - 0x00007ffdb03ba000 	C:\Program Files\Android\Android Studio\jre\jre\bin\net.dll
0x00007ffdd9510000 - 0x00007ffdd9577000 	C:\WINDOWS\system32\mswsock.dll
0x00007ffdac080000 - 0x00007ffdac093000 	C:\Program Files\Android\Android Studio\jre\jre\bin\nio.dll
0x00007ffdc9180000 - 0x00007ffdc91a7000 	C:\Users\tamang\.gradle\native\f6784746aeab05261644944871eae4fe03e0ef1612fff0a4a95f87b438bc6780\windows-amd64\native-platform.dll
0x00007ffdc5eb0000 - 0x00007ffdc5ebd000 	C:\Program Files\Android\Android Studio\jre\jre\bin\management.dll
0x00007ffdd9090000 - 0x00007ffdd90c3000 	C:\WINDOWS\system32\rsaenh.dll
0x00007ffdda8c0000 - 0x00007ffdda8e6000 	C:\WINDOWS\System32\bcrypt.dll
0x00007ffdd9bb0000 - 0x00007ffdd9bd5000 	C:\WINDOWS\SYSTEM32\USERENV.dll
0x00007ffdd96e0000 - 0x00007ffdd96ec000 	C:\WINDOWS\SYSTEM32\CRYPTBASE.dll
0x00007ffdd9220000 - 0x00007ffdd925a000 	C:\WINDOWS\SYSTEM32\IPHLPAPI.DLL
0x00007ffddbc50000 - 0x00007ffddbc58000 	C:\WINDOWS\System32\NSI.dll
0x00007ffdcb910000 - 0x00007ffdcb926000 	C:\WINDOWS\SYSTEM32\dhcpcsvc6.DLL
0x00007ffdcb9e0000 - 0x00007ffdcb9fc000 	C:\WINDOWS\SYSTEM32\dhcpcsvc.DLL
0x00007ffdd9260000 - 0x00007ffdd932b000 	C:\WINDOWS\SYSTEM32\DNSAPI.dll
0x00007ffdcba70000 - 0x00007ffdcba7b000 	C:\WINDOWS\SYSTEM32\WINNSI.DLL

VM Arguments:
jvm_args: -Xmx2048m -Dfile.encoding=UTF-8 -Duser.country=US -Duser.language=en -Duser.variant 
java_command: org.gradle.launcher.daemon.bootstrap.GradleDaemon 6.5
java_class_path (initial): C:\Users\tamang\.gradle\wrapper\dists\gradle-6.5-bin\6nifqtx7604sqp1q6g8wikw7p\gradle-6.5\lib\gradle-launcher-6.5.jar
Launcher Type: SUN_STANDARD

Environment Variables:
PATH=C:\Program Files (x86)\Intel\iCLS Client\;C:\Program Files\Intel\iCLS Client\;C:\WINDOWS\system32;C:\WINDOWS;C:\WINDOWS\System32\Wbem;C:\WINDOWS\System32\WindowsPowerShell\v1.0\;C:\Program Files (x86)\Intel\Intel(R) Management Engine Components\DAL;C:\Program Files\Intel\Intel(R) Management Engine Components\DAL;C:\Program Files (x86)\Intel\Intel(R) Management Engine Components\IPT;C:\Program Files\Intel\Intel(R) Management Engine Components\IPT;C:\Program Files\Intel\WiFi\bin\;C:\Program Files\Common Files\Intel\WirelessCommon\;C:\WINDOWS\System32\OpenSSH\;C:\Users\tamang\AppData\Local\Microsoft\WindowsApps;
USERNAME=tamang
OS=Windows_NT
PROCESSOR_IDENTIFIER=Intel64 Family 6 Model 142 Stepping 9, GenuineIntel



---------------  S Y S T E M  ---------------

OS: Windows 10.0 , 64 bit Build 18362 (10.0.18362.1350)

CPU:total 4 (initial active 4) (2 cores per cpu, 2 threads per core) family 6 model 142 stepping 9, cmov, cx8, fxsr, mmx, sse, sse2, sse3, ssse3, sse4.1, sse4.2, popcnt, avx, avx2, aes, clmul, erms, 3dnowpref, lzcnt, ht, tsc, tscinvbit, bmi1, bmi2, adx

Memory: 4k page, physical 8284812k(501032k free), swap 13527692k(628k free)

vm_info: OpenJDK 64-Bit Server VM (25.242-b01) for windows-amd64 JRE (1.8.0_242-release-1644-b01), built by "builder" with MS VC++ 10.0 (VS2010)

time: Sat Mar 20 11:28:03 2021
timezone: India Standard Time
elapsed time: 658 seconds (0d 0h 10m 58s)

